This is XeTeX, Version 3.141592653-2.6-0.999993 (TeX Live 2021) (preloaded format=xelatex 2021.9.22)  11 MAR 2022 18:33
entering extended mode
 restricted \write18 enabled.
 %&-line parsing enabled.
**main.tex
(./main.tex
LaTeX2e <2020-10-01> patch level 4
L3 programming layer <2021-02-18>
(/usr/local/texlive/2021/texmf-dist/tex/latex/base/book.cls
Document Class: book 2020/04/10 v1.4m Standard LaTeX document class
(/usr/local/texlive/2021/texmf-dist/tex/latex/base/bk12.clo
File: bk12.clo 2020/04/10 v1.4m Standard LaTeX file (size option)
)
\c@part=\count175
\c@chapter=\count176
\c@section=\count177
\c@subsection=\count178
\c@subsubsection=\count179
\c@paragraph=\count180
\c@subparagraph=\count181
\c@figure=\count182
\c@table=\count183
\abovecaptionskip=\skip47
\belowcaptionskip=\skip48
\bibindent=\dimen138
) (./setting.tex
(/usr/local/texlive/2021/texmf-dist/tex/latex/natbib/natbib.sty
Package: natbib 2010/09/13 8.31b (PWD, AO)
\bibhang=\skip49
\bibsep=\skip50
LaTeX Info: Redefining \cite on input line 694.
\c@NAT@ctr=\count184
)
(/usr/local/texlive/2021/texmf-dist/tex/latex/url/url.sty
\Urlmuskip=\muskip16
Package: url 2013/09/16  ver 3.4  Verb mode for urls, etc.
)
(/usr/local/texlive/2021/texmf-dist/tex/latex/amsmath/amsmath.sty
Package: amsmath 2020/09/23 v2.17i AMS math features
\@mathmargin=\skip51

For additional information on amsmath, use the `?' option.
(/usr/local/texlive/2021/texmf-dist/tex/latex/amsmath/amstext.sty
Package: amstext 2000/06/29 v2.01 AMS text

(/usr/local/texlive/2021/texmf-dist/tex/latex/amsmath/amsgen.sty
File: amsgen.sty 1999/11/30 v2.0 generic functions
\@emptytoks=\toks15
\ex@=\dimen139
))
(/usr/local/texlive/2021/texmf-dist/tex/latex/amsmath/amsbsy.sty
Package: amsbsy 1999/11/29 v1.2d Bold Symbols
\pmbraise@=\dimen140
)
(/usr/local/texlive/2021/texmf-dist/tex/latex/amsmath/amsopn.sty
Package: amsopn 2016/03/08 v2.02 operator names
)
\inf@bad=\count185
LaTeX Info: Redefining \frac on input line 234.
\uproot@=\count186
\leftroot@=\count187
LaTeX Info: Redefining \overline on input line 399.
\classnum@=\count188
\DOTSCASE@=\count189
LaTeX Info: Redefining \ldots on input line 496.
LaTeX Info: Redefining \dots on input line 499.
LaTeX Info: Redefining \cdots on input line 620.
\Mathstrutbox@=\box47
\strutbox@=\box48
\big@size=\dimen141
LaTeX Font Info:    Redeclaring font encoding OML on input line 743.
LaTeX Font Info:    Redeclaring font encoding OMS on input line 744.
\macc@depth=\count190
\c@MaxMatrixCols=\count191
\dotsspace@=\muskip17
\c@parentequation=\count192
\dspbrk@lvl=\count193
\tag@help=\toks16
\row@=\count194
\column@=\count195
\maxfields@=\count196
\andhelp@=\toks17
\eqnshift@=\dimen142
\alignsep@=\dimen143
\tagshift@=\dimen144
\tagwidth@=\dimen145
\totwidth@=\dimen146
\lineht@=\dimen147
\@envbody=\toks18
\multlinegap=\skip52
\multlinetaggap=\skip53
\mathdisplay@stack=\toks19
LaTeX Info: Redefining \[ on input line 2923.
LaTeX Info: Redefining \] on input line 2924.
)
(/usr/local/texlive/2021/texmf-dist/tex/latex/graphics/graphicx.sty
Package: graphicx 2020/09/09 v1.2b Enhanced LaTeX Graphics (DPC,SPQR)

(/usr/local/texlive/2021/texmf-dist/tex/latex/graphics/keyval.sty
Package: keyval 2014/10/28 v1.15 key=value parser (DPC)
\KV@toks@=\toks20
)
(/usr/local/texlive/2021/texmf-dist/tex/latex/graphics/graphics.sty
Package: graphics 2020/08/30 v1.4c Standard LaTeX Graphics (DPC,SPQR)

(/usr/local/texlive/2021/texmf-dist/tex/latex/graphics/trig.sty
Package: trig 2016/01/03 v1.10 sin cos tan (DPC)
)
(/usr/local/texlive/2021/texmf-dist/tex/latex/graphics-cfg/graphics.cfg
File: graphics.cfg 2016/06/04 v1.11 sample graphics configuration
)
Package graphics Info: Driver file: xetex.def on input line 105.

(/usr/local/texlive/2021/texmf-dist/tex/latex/graphics-def/xetex.def
File: xetex.def 2021/03/18 v5.0k Graphics/color driver for xetex
))
\Gin@req@height=\dimen148
\Gin@req@width=\dimen149
)
(/usr/local/texlive/2021/texmf-dist/tex/latex/parskip/parskip.sty
Package: parskip 2021-03-14 v2.0h non-zero parskip adjustments

(/usr/local/texlive/2021/texmf-dist/tex/latex/kvoptions/kvoptions.sty
Package: kvoptions 2020-10-07 v3.14 Key value format for package options (HO)

(/usr/local/texlive/2021/texmf-dist/tex/generic/ltxcmds/ltxcmds.sty
Package: ltxcmds 2020-05-10 v1.25 LaTeX kernel commands for general use (HO)
)
(/usr/local/texlive/2021/texmf-dist/tex/generic/kvsetkeys/kvsetkeys.sty
Package: kvsetkeys 2019/12/15 v1.18 Key value parser (HO)
))
(/usr/local/texlive/2021/texmf-dist/tex/latex/etoolbox/etoolbox.sty
Package: etoolbox 2020/10/05 v2.5k e-TeX tools for LaTeX (JAW)
\etb@tempcnta=\count197
))
(/usr/local/texlive/2021/texmf-dist/tex/latex/adjustbox/adjustbox.sty
Package: adjustbox 2020/08/19 v1.3 Adjusting TeX boxes (trim, clip, ...)

(/usr/local/texlive/2021/texmf-dist/tex/latex/xkeyval/xkeyval.sty
Package: xkeyval 2020/11/20 v2.8 package option processing (HA)

(/usr/local/texlive/2021/texmf-dist/tex/generic/xkeyval/xkeyval.tex
(/usr/local/texlive/2021/texmf-dist/tex/generic/xkeyval/xkvutils.tex
\XKV@toks=\toks21
\XKV@tempa@toks=\toks22
)
\XKV@depth=\count198
File: xkeyval.tex 2014/12/03 v2.7a key=value parser (HA)
))
(/usr/local/texlive/2021/texmf-dist/tex/latex/adjustbox/adjcalc.sty
Package: adjcalc 2012/05/16 v1.1 Provides advanced setlength with multiple back
-ends (calc, etex, pgfmath)
)
(/usr/local/texlive/2021/texmf-dist/tex/latex/adjustbox/trimclip.sty
Package: trimclip 2020/08/19 v1.2 Trim and clip general TeX material

(/usr/local/texlive/2021/texmf-dist/tex/latex/collectbox/collectbox.sty
Package: collectbox 2012/05/17 v0.4b Collect macro arguments as boxes
\collectedbox=\box49
)
\tc@llx=\dimen150
\tc@lly=\dimen151
\tc@urx=\dimen152
\tc@ury=\dimen153
Package trimclip Info: Using driver 'tc-xetex.def'.

(/usr/local/texlive/2021/texmf-dist/tex/latex/adjustbox/tc-xetex.def
File: tc-xetex.def 2019/01/04 v2.2 Clipping driver for xetex
))
\adjbox@Width=\dimen154
\adjbox@Height=\dimen155
\adjbox@Depth=\dimen156
\adjbox@Totalheight=\dimen157
\adjbox@pwidth=\dimen158
\adjbox@pheight=\dimen159
\adjbox@pdepth=\dimen160
\adjbox@ptotalheight=\dimen161

(/usr/local/texlive/2021/texmf-dist/tex/latex/ifoddpage/ifoddpage.sty
Package: ifoddpage 2016/04/23 v1.1 Conditionals for odd/even page detection
\c@checkoddpage=\count199
)
(/usr/local/texlive/2021/texmf-dist/tex/latex/varwidth/varwidth.sty
Package: varwidth 2009/03/30 ver 0.92;  Variable-width minipages
\@vwid@box=\box50
\sift@deathcycles=\count266
\@vwid@loff=\dimen162
\@vwid@roff=\dimen163
))
(/usr/local/texlive/2021/texmf-dist/tex/latex/fancyhdr/fancyhdr.sty
Package: fancyhdr 2021/01/28 v4.0.1 Extensive control of page headers and foote
rs
\f@nch@headwidth=\skip54
\f@nch@O@elh=\skip55
\f@nch@O@erh=\skip56
\f@nch@O@olh=\skip57
\f@nch@O@orh=\skip58
\f@nch@O@elf=\skip59
\f@nch@O@erf=\skip60
\f@nch@O@olf=\skip61
\f@nch@O@orf=\skip62
)
(/usr/local/texlive/2021/texmf-dist/tex/latex/commath/commath.sty
Invalid UTF-8 byte or sequence at line 6 replaced by U+FFFD.
Invalid UTF-8 byte or sequence at line 9 replaced by U+FFFD.

(/usr/local/texlive/2021/texmf-dist/tex/latex/base/ifthen.sty
Package: ifthen 2014/09/29 v1.1c Standard LaTeX ifthen package (DPC)
))
(/usr/local/texlive/2021/texmf-dist/tex/latex/ctex/ctex.sty
(/usr/local/texlive/2021/texmf-dist/tex/latex/l3kernel/expl3.sty
Package: expl3 2021-02-18 L3 programming layer (loader) 

(/usr/local/texlive/2021/texmf-dist/tex/latex/l3backend/l3backend-xetex.def
File: l3backend-xetex.def 2021-03-18 L3 backend support: XeTeX

(|extractbb --version)
\c__kernel_sys_dvipdfmx_version_int=\count267
\l__color_backend_stack_int=\count268
\g__color_backend_stack_int=\count269
\g__graphics_track_int=\count270
\l__pdf_internal_box=\box51
\g__pdf_backend_object_int=\count271
\g__pdf_backend_annotation_int=\count272
\g__pdf_backend_link_int=\count273
))
Package: ctex 2021/03/14 v2.5.6 Chinese adapter in LaTeX (CTEX)

(/usr/local/texlive/2021/texmf-dist/tex/latex/l3packages/xparse/xparse.sty
(/usr/local/texlive/2021/texmf-dist/tex/latex/l3packages/xparse/xparse-2020-10-
01.sty
(/usr/local/texlive/2021/texmf-dist/tex/latex/l3packages/xparse/xparse-generic.
tex)))
(/usr/local/texlive/2021/texmf-dist/tex/latex/l3packages/l3keys2e/l3keys2e.sty
Package: l3keys2e 2021-03-12 LaTeX2e option processing using LaTeX3 keys
) (/usr/local/texlive/2021/texmf-dist/tex/latex/ctex/ctexhook.sty
Package: ctexhook 2021/03/14 v2.5.6 Document and package hooks (CTEX)
)
(/usr/local/texlive/2021/texmf-dist/tex/latex/ctex/ctexpatch.sty
Package: ctexpatch 2021/03/14 v2.5.6 Patching commands (CTEX)
)
(/usr/local/texlive/2021/texmf-dist/tex/latex/base/fix-cm.sty
Package: fix-cm 2015/01/14 v1.1t fixes to LaTeX

(/usr/local/texlive/2021/texmf-dist/tex/latex/base/ts1enc.def
File: ts1enc.def 2001/06/05 v3.0e (jk/car/fm) Standard LaTeX file
LaTeX Font Info:    Redeclaring font encoding TS1 on input line 47.
))
(/usr/local/texlive/2021/texmf-dist/tex/latex/everysel/everysel.sty
Package: everysel 2021/01/20 v2.1 EverySelectfont Package (MS)

(/usr/local/texlive/2021/texmf-dist/tex/latex/everysel/everysel-2011-10-28.sty)
)
\l__ctex_tmp_int=\count274
\l__ctex_tmp_box=\box52
\l__ctex_tmp_dim=\dimen164
\g__ctex_section_depth_int=\count275
\g__ctex_font_size_int=\count276
 (/usr/local/texlive/2021/texmf-dist/tex/latex/ctex/config/ctexopts.cfg
File: ctexopts.cfg 2021/03/14 v2.5.6 Option configuration file (CTEX)
)
(/usr/local/texlive/2021/texmf-dist/tex/latex/ctex/engine/ctex-engine-xetex.def
File: ctex-engine-xetex.def 2021/03/14 v2.5.6 XeLaTeX adapter (CTEX)
(/usr/local/texlive/2021/texmf-dist/tex/xelatex/xecjk/xeCJK.sty
Package: xeCJK 2020/10/19 v3.8.6 Typesetting CJK scripts with XeLaTeX

(/usr/local/texlive/2021/texmf-dist/tex/latex/l3packages/xtemplate/xtemplate.st
y
Package: xtemplate 2021-03-12 L3 Experimental prototype document functions
\l__xtemplate_tmp_dim=\dimen165
\l__xtemplate_tmp_int=\count277
\l__xtemplate_tmp_muskip=\muskip18
\l__xtemplate_tmp_skip=\skip63
)
\l__xeCJK_tmp_int=\count278
\l__xeCJK_tmp_box=\box53
\l__xeCJK_tmp_dim=\dimen166
\l__xeCJK_tmp_skip=\skip64
\g__xeCJK_space_factor_int=\count279
\l__xeCJK_begin_int=\count280
\l__xeCJK_end_int=\count281
\c__xeCJK_CJK_class_int=\XeTeXcharclass1
\c__xeCJK_FullLeft_class_int=\XeTeXcharclass2
\c__xeCJK_FullRight_class_int=\XeTeXcharclass3
\c__xeCJK_HalfLeft_class_int=\XeTeXcharclass4
\c__xeCJK_HalfRight_class_int=\XeTeXcharclass5
\c__xeCJK_NormalSpace_class_int=\XeTeXcharclass6
\c__xeCJK_CM_class_int=\XeTeXcharclass7
\c__xeCJK_HangulJamo_class_int=\XeTeXcharclass8
\l__xeCJK_last_skip=\skip65
\g__xeCJK_node_int=\count282
\c__xeCJK_CJK_node_dim=\dimen167
\c__xeCJK_CJK-space_node_dim=\dimen168
\c__xeCJK_default_node_dim=\dimen169
\c__xeCJK_default-space_node_dim=\dimen170
\c__xeCJK_CJK-widow_node_dim=\dimen171
\c__xeCJK_normalspace_node_dim=\dimen172
\l__xeCJK_ccglue_skip=\skip66
\l__xeCJK_ecglue_skip=\skip67
\l__xeCJK_punct_kern_skip=\skip68
\l__xeCJK_last_penalty_int=\count283
\l__xeCJK_last_bound_dim=\dimen173
\l__xeCJK_last_kern_dim=\dimen174
\l__xeCJK_widow_penalty_int=\count284

Package xtemplate Info: Declaring object type 'xeCJK/punctuation' taking 0
(xtemplate)             argument(s) on line 2341.

\l__xeCJK_fixed_punct_width_dim=\dimen175
\l__xeCJK_mixed_punct_width_dim=\dimen176
\l__xeCJK_middle_punct_width_dim=\dimen177
\l__xeCJK_fixed_margin_width_dim=\dimen178
\l__xeCJK_mixed_margin_width_dim=\dimen179
\l__xeCJK_middle_margin_width_dim=\dimen180
\l__xeCJK_bound_punct_width_dim=\dimen181
\l__xeCJK_bound_margin_width_dim=\dimen182
\l__xeCJK_margin_minimum_dim=\dimen183
\l__xeCJK_kerning_total_width_dim=\dimen184
\l__xeCJK_same_align_margin_dim=\dimen185
\l__xeCJK_different_align_margin_dim=\dimen186
\l__xeCJK_kerning_margin_width_dim=\dimen187
\l__xeCJK_kerning_margin_minimum_dim=\dimen188
\l__xeCJK_bound_dim=\dimen189
\l__xeCJK_reverse_bound_dim=\dimen190
\l__xeCJK_margin_dim=\dimen191
\l__xeCJK_minimum_bound_dim=\dimen192
\l__xeCJK_kerning_margin_dim=\dimen193
\g__xeCJK_family_int=\count285
\l__xeCJK_fam_int=\count286
\g__xeCJK_fam_allocation_int=\count287
\l__xeCJK_verb_case_int=\count288
\l__xeCJK_verb_exspace_skip=\skip69
 (/usr/local/texlive/2021/texmf-dist/tex/latex/fontspec/fontspec.sty
Package: fontspec 2020/02/21 v2.7i Font selection for XeLaTeX and LuaLaTeX

(/usr/local/texlive/2021/texmf-dist/tex/latex/fontspec/fontspec-xetex.sty
Package: fontspec-xetex 2020/02/21 v2.7i Font selection for XeLaTeX and LuaLaTe
X
\l__fontspec_script_int=\count289
\l__fontspec_language_int=\count290
\l__fontspec_strnum_int=\count291
\l__fontspec_tmp_int=\count292
\l__fontspec_tmpa_int=\count293
\l__fontspec_tmpb_int=\count294
\l__fontspec_tmpc_int=\count295
\l__fontspec_em_int=\count296
\l__fontspec_emdef_int=\count297
\l__fontspec_strong_int=\count298
\l__fontspec_strongdef_int=\count299
\l__fontspec_tmpa_dim=\dimen194
\l__fontspec_tmpb_dim=\dimen195
\l__fontspec_tmpc_dim=\dimen196

(/usr/local/texlive/2021/texmf-dist/tex/latex/base/fontenc.sty
Package: fontenc 2020/08/10 v2.0s Standard LaTeX package
)
(/usr/local/texlive/2021/texmf-dist/tex/latex/fontspec/fontspec.cfg)))
(/usr/local/texlive/2021/texmf-dist/tex/xelatex/xecjk/xeCJK.cfg
File: xeCJK.cfg 2020/10/19 v3.8.6 Configuration file for xeCJK package
))
\ccwd=\dimen197
\l__ctex_ccglue_skip=\skip70
)
\l__ctex_ziju_dim=\dimen198

(/usr/local/texlive/2021/texmf-dist/tex/latex/zhnumber/zhnumber.sty
Package: zhnumber 2020/05/01 v2.8 Typesetting numbers with Chinese glyphs
\l__zhnum_scale_int=\count300

(/usr/local/texlive/2021/texmf-dist/tex/latex/zhnumber/zhnumber-utf8.cfg
File: zhnumber-utf8.cfg 2020/05/01 v2.8 Chinese numerals with UTF8 encoding
))
(/usr/local/texlive/2021/texmf-dist/tex/latex/ctex/heading/ctex-heading-book.de
f
File: ctex-book.def 2021/03/14 v2.5.6 Heading modification for book (CTEX)
\l__ctex_heading_skip=\skip71

(/usr/local/texlive/2021/texmf-dist/tex/latex/ctex/scheme/ctex-scheme-chinese-b
ook.def
File: ctex-scheme-chinese-book.def 2021/03/14 v2.5.6 Chinese scheme for book (C
TEX)

(/usr/local/texlive/2021/texmf-dist/tex/latex/ctex/config/ctex-name-utf8.cfg
File: ctex-name-utf8.cfg 2021/03/14 v2.5.6 Caption with encoding UTF-8 (CTEX)
)))
(/usr/local/texlive/2021/texmf-dist/tex/latex/ctex/fontset/ctex-fontset-mac.def
File: ctex-fontset-mac.def 2021/03/14 v2.5.6 macOS fonts definition (CTEX)

(/usr/local/texlive/2021/texmf-dist/tex/latex/ctex/fontset/ctex-fontset-macnew.
def
File: ctex-fontset-macnew.def 2021/03/14 v2.5.6 macOS fonts definition for El C
apitan or later version (CTEX)


Package fontspec Warning: Font "Songti SC Light" does not contain requested
(fontspec)                Script "CJK".


Package fontspec Info: Font family 'SongtiSCLight(0)' created for font 'Songti
(fontspec)             SC Light' with options
(fontspec)             [Script={CJK},BoldItalicFont={Kaiti SC
(fontspec)             Bold},BoldFont={Songti SC Bold},ItalicFont={Kaiti SC}].
(fontspec)              
(fontspec)              This font family consists of the following NFSS
(fontspec)             series/shapes:
(fontspec)              
(fontspec)             - 'normal' (m/n) with NFSS spec.: <->"Songti SC
(fontspec)             Light/OT:language=dflt;"
(fontspec)             - 'small caps'  (m/sc) with NFSS spec.: 
(fontspec)             - 'bold' (b/n) with NFSS spec.: <->"Songti SC
(fontspec)             Bold/OT:language=dflt;"
(fontspec)             - 'bold small caps'  (b/sc) with NFSS spec.: 
(fontspec)             - 'italic' (m/it) with NFSS spec.: <->"Kaiti
(fontspec)             SC/OT:language=dflt;"
(fontspec)             - 'italic small caps'  (m/scit) with NFSS spec.: 
(fontspec)             - 'bold italic' (b/it) with NFSS spec.: <->"Kaiti SC
(fontspec)             Bold/OT:language=dflt;"
(fontspec)             - 'bold italic small caps'  (b/scit) with NFSS spec.: 

))) (/usr/local/texlive/2021/texmf-dist/tex/latex/ctex/config/ctex.cfg
File: ctex.cfg 2021/03/14 v2.5.6 Configuration file (CTEX)
)
(/usr/local/texlive/2021/texmf-dist/tex/latex/geometry/geometry.sty
Package: geometry 2020/01/02 v5.9 Page Geometry

(/usr/local/texlive/2021/texmf-dist/tex/generic/iftex/ifvtex.sty
Package: ifvtex 2019/10/25 v1.7 ifvtex legacy package. Use iftex instead.

(/usr/local/texlive/2021/texmf-dist/tex/generic/iftex/iftex.sty
Package: iftex 2020/03/06 v1.0d TeX engine tests
))
\Gm@cnth=\count301
\Gm@cntv=\count302
\c@Gm@tempcnt=\count303
\Gm@bindingoffset=\dimen199
\Gm@wd@mp=\dimen256
\Gm@odd@mp=\dimen257
\Gm@even@mp=\dimen258
\Gm@layoutwidth=\dimen259
\Gm@layoutheight=\dimen260
\Gm@layouthoffset=\dimen261
\Gm@layoutvoffset=\dimen262
\Gm@dimlist=\toks23
)
(/usr/local/texlive/2021/texmf-dist/tex/latex/tools/bm.sty
Package: bm 2019/07/24 v1.2d Bold Symbol Support (DPC/FMi)
\symboldoperators=\mathgroup4
\symboldletters=\mathgroup5
\symboldsymbols=\mathgroup6
LaTeX Font Info:    Redeclaring math alphabet \mathbf on input line 141.
LaTeX Info: Redefining \bm on input line 209.
)
(/usr/local/texlive/2021/texmf-dist/tex/latex/titlesec/titlesec.sty
Package: titlesec 2019/10/16 v2.13 Sectioning titles
\ttl@box=\box54
\beforetitleunit=\skip72
\aftertitleunit=\skip73
\ttl@plus=\dimen263
\ttl@minus=\dimen264
\ttl@toksa=\toks24
\titlewidth=\dimen265
\titlewidthlast=\dimen266
\titlewidthfirst=\dimen267
)
(/usr/local/texlive/2021/texmf-dist/tex/latex/caption/caption.sty
Package: caption 2020/10/26 v3.5g Customizing captions (AR)

(/usr/local/texlive/2021/texmf-dist/tex/latex/caption/caption3.sty
Package: caption3 2020/10/21 v2.2e caption3 kernel (AR)
\captionmargin=\dimen268
\captionmargin@=\dimen269
\captionwidth=\dimen270
\caption@tempdima=\dimen271
\caption@indent=\dimen272
\caption@parindent=\dimen273
\caption@hangindent=\dimen274
Package caption Info: Standard document class detected.
)
\c@caption@flags=\count304
\c@continuedfloat=\count305
)
(/usr/local/texlive/2021/texmf-dist/tex/latex/paralist/paralist.sty
Package: paralist 2017/01/22 v2.7 Extended list environments
\pltopsep=\skip74
\plpartopsep=\skip75
\plitemsep=\skip76
\plparsep=\skip77
\pl@lab=\toks25
)
(/usr/local/texlive/2021/texmf-dist/tex/latex/multirow/multirow.sty
Package: multirow 2021/03/15 v2.8 Span multiple rows of a table
\multirow@colwidth=\skip78
\multirow@cntb=\count306
\multirow@dima=\skip79
\bigstrutjot=\dimen275
)
(/usr/local/texlive/2021/texmf-dist/tex/latex/booktabs/booktabs.sty
Package: booktabs 2020/01/12 v1.61803398 Publication quality tables
\heavyrulewidth=\dimen276
\lightrulewidth=\dimen277
\cmidrulewidth=\dimen278
\belowrulesep=\dimen279
\belowbottomsep=\dimen280
\aboverulesep=\dimen281
\abovetopsep=\dimen282
\cmidrulesep=\dimen283
\cmidrulekern=\dimen284
\defaultaddspace=\dimen285
\@cmidla=\count307
\@cmidlb=\count308
\@aboverulesep=\dimen286
\@belowrulesep=\dimen287
\@thisruleclass=\count309
\@lastruleclass=\count310
\@thisrulewidth=\dimen288
)
(/usr/local/texlive/2021/texmf-dist/tex/latex/titlesec/titletoc.sty
Package: titletoc 2019/10/16 v2.13 TOC entries
\ttl@leftsep=\dimen289
)
(/usr/local/texlive/2021/texmf-dist/tex/latex/diagbox/diagbox.sty
Package: diagbox 2020/02/09 v2.3 Making table heads with diagonal lines

(/usr/local/texlive/2021/texmf-dist/tex/latex/pict2e/pict2e.sty
Package: pict2e 2020/09/30 v0.4b Improved picture commands (HjG,RN,JT)

(/usr/local/texlive/2021/texmf-dist/tex/latex/pict2e/pict2e.cfg
File: pict2e.cfg 2016/02/05 v0.1u pict2e configuration for teTeX/TeXLive
)
Package pict2e Info: Driver file: xetex.def on input line 112.
Package pict2e Info: Driver file for pict2e: p2e-xetex.def on input line 114.

(/usr/local/texlive/2021/texmf-dist/tex/latex/pict2e/p2e-xetex.def
File: p2e-xetex.def 2016/02/05 v0.1u Driver-dependant file (RN,HjG,JT)
)
\pIIe@GRAPH=\toks26
\@arclen=\dimen290
\@arcrad=\dimen291
\pIIe@tempdima=\dimen292
\pIIe@tempdimb=\dimen293
\pIIe@tempdimc=\dimen294
\pIIe@tempdimd=\dimen295
\pIIe@tempdime=\dimen296
\pIIe@tempdimf=\dimen297
)
(/usr/local/texlive/2021/texmf-dist/tex/latex/tools/calc.sty
Package: calc 2017/05/25 v4.3 Infix arithmetic (KKT,FJ)
\calc@Acount=\count311
\calc@Bcount=\count312
\calc@Adimen=\dimen298
\calc@Bdimen=\dimen299
\calc@Askip=\skip80
\calc@Bskip=\skip81
LaTeX Info: Redefining \setlength on input line 80.
LaTeX Info: Redefining \addtolength on input line 81.
\calc@Ccount=\count313
\calc@Cskip=\skip82
)
(/usr/local/texlive/2021/texmf-dist/tex/latex/tools/array.sty
Package: array 2020/10/01 v2.5c Tabular extension package (FMi)
\col@sep=\dimen300
\ar@mcellbox=\box55
\extrarowheight=\dimen301
\NC@list=\toks27
\extratabsurround=\skip83
\backup@length=\skip84
\ar@cellbox=\box56
)
\diagbox@boxa=\box57
\diagbox@boxb=\box58
\diagbox@boxm=\box59
\diagbox@wd=\dimen302
\diagbox@ht=\dimen303
\diagbox@insepl=\dimen304
\diagbox@insepr=\dimen305
\diagbox@outsepl=\dimen306
\diagbox@outsepr=\dimen307
)
(/usr/local/texlive/2021/texmf-dist/tex/latex/autobreak/autobreak.sty
Package: autobreak 2017/02/23 v0.3 simple line breaking of long formulae
\everybeforeautobreak=\toks28
\everyafterautobreak=\toks29
\@autobreak@alltoks=\toks30
\@autobreak@linetoks=\toks31
\@autobreak@lhswidth=\dimen308
\@autobreak@rhswidth=\dimen309
\@autobreak@maxlhswidth=\dimen310
\@autobreak@realmaxlhswidth=\dimen311
\@autobreak@maxrhswidth=\dimen312
\c@@autobreak@eqnindex=\count314
\c@@autobreak@subeqnindex=\count315

(/usr/local/texlive/2021/texmf-dist/tex/generic/catchfile/catchfile.sty
Package: catchfile 2019/12/09 v1.8 Catch the contents of a file (HO)

(/usr/local/texlive/2021/texmf-dist/tex/generic/infwarerr/infwarerr.sty
Package: infwarerr 2019/12/03 v1.5 Providing info/warning/error messages (HO)
)
(/usr/local/texlive/2021/texmf-dist/tex/generic/etexcmds/etexcmds.sty
Package: etexcmds 2019/12/15 v1.7 Avoid name clashes with e-TeX commands (HO)
)))
(/usr/local/texlive/2021/texmf-dist/tex/latex/preprint/authblk.sty
Package: authblk 2001/02/27 1.3 (PWD)
\affilsep=\skip85
\@affilsep=\skip86
\c@Maxaffil=\count316
\c@authors=\count317
\c@affil=\count318
)
(/usr/local/texlive/2021/texmf-dist/tex/latex/tools/indentfirst.sty
Package: indentfirst 1995/11/23 v1.03 Indent first paragraph (DPC)
)
(/usr/local/texlive/2021/texmf-dist/tex/latex/float/float.sty
Package: float 2001/11/08 v1.3d Float enhancements (AL)
\c@float@type=\count319
\float@exts=\toks32
\float@box=\box60
\@float@everytoks=\toks33
\@floatcapt=\box61
)
(/usr/local/texlive/2021/texmf-dist/tex/latex/amscls/amsthm.sty
Package: amsthm 2020/05/29 v2.20.6
\thm@style=\toks34
\thm@bodyfont=\toks35
\thm@headfont=\toks36
\thm@notefont=\toks37
\thm@headpunct=\toks38
\thm@preskip=\skip87
\thm@postskip=\skip88
\thm@headsep=\skip89
\dth@everypar=\toks39
)
(/usr/local/texlive/2021/texmf-dist/tex/latex/graphics/color.sty
Package: color 2020/02/24 v1.2b Standard LaTeX Color (DPC)

(/usr/local/texlive/2021/texmf-dist/tex/latex/graphics-cfg/color.cfg
File: color.cfg 2016/01/02 v1.6 sample color configuration
)
Package color Info: Driver file: xetex.def on input line 147.
)
(/usr/local/texlive/2021/texmf-dist/tex/latex/txfonts/txfonts.sty
Package: txfonts 2008/01/22 v3.2.1
LaTeX Font Info:    Redeclaring symbol font `operators' on input line 21.
LaTeX Font Info:    Overwriting symbol font `operators' in version `normal'
(Font)                  OT1/cmr/m/n --> OT1/txr/m/n on input line 21.
LaTeX Font Info:    Overwriting symbol font `operators' in version `bold'
(Font)                  OT1/cmr/bx/n --> OT1/txr/m/n on input line 21.
LaTeX Font Info:    Overwriting symbol font `operators' in version `bold'
(Font)                  OT1/txr/m/n --> OT1/txr/bx/n on input line 22.
\symitalic=\mathgroup7
LaTeX Font Info:    Overwriting symbol font `italic' in version `bold'
(Font)                  OT1/txr/m/it --> OT1/txr/bx/it on input line 26.
LaTeX Font Info:    Redeclaring math alphabet \mathbf on input line 29.
LaTeX Font Info:    Redeclaring math alphabet \mathit on input line 30.
LaTeX Font Info:    Overwriting math alphabet `\mathit' in version `normal'
(Font)                  OT1/cmr/m/it --> OT1/txr/m/it on input line 30.
LaTeX Font Info:    Overwriting math alphabet `\mathit' in version `bold'
(Font)                  OT1/cmr/bx/it --> OT1/txr/m/it on input line 30.
LaTeX Font Info:    Overwriting math alphabet `\mathit' in version `bold'
(Font)                  OT1/txr/m/it --> OT1/txr/bx/it on input line 31.
LaTeX Font Info:    Redeclaring math alphabet \mathsf on input line 40.
LaTeX Font Info:    Overwriting math alphabet `\mathsf' in version `normal'
(Font)                  OT1/cmss/m/n --> OT1/txss/m/n on input line 40.
LaTeX Font Info:    Overwriting math alphabet `\mathsf' in version `bold'
(Font)                  OT1/cmss/bx/n --> OT1/txss/m/n on input line 40.
LaTeX Font Info:    Overwriting math alphabet `\mathsf' in version `bold'
(Font)                  OT1/txss/m/n --> OT1/txss/b/n on input line 41.
LaTeX Font Info:    Redeclaring math alphabet \mathtt on input line 50.
LaTeX Font Info:    Overwriting math alphabet `\mathtt' in version `normal'
(Font)                  OT1/cmtt/m/n --> OT1/txtt/m/n on input line 50.
LaTeX Font Info:    Overwriting math alphabet `\mathtt' in version `bold'
(Font)                  OT1/cmtt/m/n --> OT1/txtt/m/n on input line 50.
LaTeX Font Info:    Overwriting math alphabet `\mathtt' in version `bold'
(Font)                  OT1/txtt/m/n --> OT1/txtt/b/n on input line 51.
LaTeX Font Info:    Redeclaring symbol font `letters' on input line 58.
LaTeX Font Info:    Overwriting symbol font `letters' in version `normal'
(Font)                  OML/cmm/m/it --> OML/txmi/m/it on input line 58.
LaTeX Font Info:    Overwriting symbol font `letters' in version `bold'
(Font)                  OML/cmm/b/it --> OML/txmi/m/it on input line 58.
LaTeX Font Info:    Overwriting symbol font `letters' in version `bold'
(Font)                  OML/txmi/m/it --> OML/txmi/bx/it on input line 59.
\symlettersA=\mathgroup8
LaTeX Font Info:    Overwriting symbol font `lettersA' in version `bold'
(Font)                  U/txmia/m/it --> U/txmia/bx/it on input line 67.
LaTeX Font Info:    Redeclaring symbol font `symbols' on input line 77.
LaTeX Font Info:    Overwriting symbol font `symbols' in version `normal'
(Font)                  OMS/cmsy/m/n --> OMS/txsy/m/n on input line 77.
LaTeX Font Info:    Overwriting symbol font `symbols' in version `bold'
(Font)                  OMS/cmsy/b/n --> OMS/txsy/m/n on input line 77.
LaTeX Font Info:    Overwriting symbol font `symbols' in version `bold'
(Font)                  OMS/txsy/m/n --> OMS/txsy/bx/n on input line 78.
\symAMSa=\mathgroup9
LaTeX Font Info:    Overwriting symbol font `AMSa' in version `bold'
(Font)                  U/txsya/m/n --> U/txsya/bx/n on input line 94.
\symAMSb=\mathgroup10
LaTeX Font Info:    Overwriting symbol font `AMSb' in version `bold'
(Font)                  U/txsyb/m/n --> U/txsyb/bx/n on input line 103.
\symsymbolsC=\mathgroup11
LaTeX Font Info:    Overwriting symbol font `symbolsC' in version `bold'
(Font)                  U/txsyc/m/n --> U/txsyc/bx/n on input line 113.
LaTeX Font Info:    Redeclaring symbol font `largesymbols' on input line 120.
LaTeX Font Info:    Overwriting symbol font `largesymbols' in version `normal'
(Font)                  OMX/cmex/m/n --> OMX/txex/m/n on input line 120.
LaTeX Font Info:    Overwriting symbol font `largesymbols' in version `bold'
(Font)                  OMX/cmex/m/n --> OMX/txex/m/n on input line 120.
LaTeX Font Info:    Overwriting symbol font `largesymbols' in version `bold'
(Font)                  OMX/txex/m/n --> OMX/txex/bx/n on input line 121.
\symlargesymbolsA=\mathgroup12
LaTeX Font Info:    Overwriting symbol font `largesymbolsA' in version `bold'
(Font)                  U/txexa/m/n --> U/txexa/bx/n on input line 129.
LaTeX Font Info:    Redeclaring math symbol \mathsterling on input line 164.
LaTeX Font Info:    Redeclaring math symbol \hbar on input line 591.
LaTeX Info: Redefining \not on input line 1043.
LaTeX Info: Redefining \textsquare on input line 1063.
LaTeX Info: Redefining \openbox on input line 1064.
)
(/usr/local/texlive/2021/texmf-dist/tex/latex/lettrine/lettrine.sty
File: lettrine.sty 2020-03-14 v2.23 (Daniel Flipo)

(/usr/local/texlive/2021/texmf-dist/tex/generic/minifp/minifp.sty
Package: minifp 2013/12/30 v0.96. Macros for real number operations and a stack
-based programing language.
\MFP@loopctr=\count320
)
\c@DefaultLines=\count321
\c@DefaultDepth=\count322
\DefaultFindent=\dimen313
\DefaultNindent=\dimen314
\DefaultSlope=\dimen315
\DiscardVskip=\dimen316
\L@lbox=\box62
\L@tbox=\box63
\c@L@lines=\count323
\c@L@depth=\count324
\L@Pindent=\dimen317
\L@Findent=\dimen318
\L@Nindent=\dimen319
\L@lraise=\dimen320
\L@first=\dimen321
\L@next=\dimen322
\L@slope=\dimen323
\L@height=\dimen324
\L@novskip=\dimen325
\L@target@ht=\dimen326
\L@target@dp=\dimen327
\L@target@tht=\dimen328
\LettrineWidth=\dimen329
\LettrineHeight=\dimen330
\LettrineDepth=\dimen331
\Llist@everypar=\toks40

Loading lettrine.cfg
(/usr/local/texlive/2021/texmf-dist/tex/latex/lettrine/lettrine.cfg))
(/usr/local/texlive/2021/texmf-dist/tex/latex/hyperref/nameref.sty
Package: nameref 2021-04-02 v2.47 Cross-referencing by name of section

(/usr/local/texlive/2021/texmf-dist/tex/latex/refcount/refcount.sty
Package: refcount 2019/12/15 v3.6 Data extraction from label references (HO)
)
(/usr/local/texlive/2021/texmf-dist/tex/generic/gettitlestring/gettitlestring.s
ty
Package: gettitlestring 2019/12/15 v1.6 Cleanup title references (HO)
)
\c@section@level=\count325
LaTeX Info: Redefining \ref on input line 356.
LaTeX Info: Redefining \pageref on input line 356.
) (/usr/local/texlive/2021/texmf-dist/tex/latex/amsfonts/amssymb.sty
Package: amssymb 2013/01/14 v3.01 AMS font symbols

(/usr/local/texlive/2021/texmf-dist/tex/latex/amsfonts/amsfonts.sty
Package: amsfonts 2013/01/14 v3.01 Basic AMSFonts support
LaTeX Font Info:    Redeclaring symbol font `AMSa' on input line 59.
LaTeX Font Info:    Overwriting symbol font `AMSa' in version `normal'
(Font)                  U/txsya/m/n --> U/msa/m/n on input line 59.
LaTeX Font Info:    Overwriting symbol font `AMSa' in version `bold'
(Font)                  U/txsya/bx/n --> U/msa/m/n on input line 59.
LaTeX Font Info:    Redeclaring symbol font `AMSb' on input line 60.
LaTeX Font Info:    Overwriting symbol font `AMSb' in version `normal'
(Font)                  U/txsyb/m/n --> U/msb/m/n on input line 60.
LaTeX Font Info:    Overwriting symbol font `AMSb' in version `bold'
(Font)                  U/txsyb/bx/n --> U/msb/m/n on input line 60.
LaTeX Font Info:    Redeclaring math delimiter \ulcorner on input line 74.
LaTeX Font Info:    Redeclaring math delimiter \urcorner on input line 75.
LaTeX Font Info:    Redeclaring math delimiter \llcorner on input line 76.
LaTeX Font Info:    Redeclaring math delimiter \lrcorner on input line 77.
LaTeX Font Info:    Redeclaring math symbol \square on input line 141.
LaTeX Font Info:    Redeclaring math symbol \lozenge on input line 142.
)
LaTeX Font Info:    Redeclaring math symbol \boxdot on input line 44.
LaTeX Font Info:    Redeclaring math symbol \boxplus on input line 45.
LaTeX Font Info:    Redeclaring math symbol \boxtimes on input line 46.
LaTeX Font Info:    Redeclaring math symbol \blacksquare on input line 48.
LaTeX Font Info:    Redeclaring math symbol \centerdot on input line 49.
LaTeX Font Info:    Redeclaring math symbol \blacklozenge on input line 51.
LaTeX Font Info:    Redeclaring math symbol \circlearrowright on input line 52.

LaTeX Font Info:    Redeclaring math symbol \circlearrowleft on input line 53.
LaTeX Font Info:    Redeclaring math symbol \leftrightharpoons on input line 56
.
LaTeX Font Info:    Redeclaring math symbol \boxminus on input line 57.
LaTeX Font Info:    Redeclaring math symbol \Vdash on input line 58.
LaTeX Font Info:    Redeclaring math symbol \Vvdash on input line 59.
LaTeX Font Info:    Redeclaring math symbol \vDash on input line 60.
LaTeX Font Info:    Redeclaring math symbol \twoheadrightarrow on input line 61
.
LaTeX Font Info:    Redeclaring math symbol \twoheadleftarrow on input line 62.

LaTeX Font Info:    Redeclaring math symbol \leftleftarrows on input line 63.
LaTeX Font Info:    Redeclaring math symbol \rightrightarrows on input line 64.

LaTeX Font Info:    Redeclaring math symbol \upuparrows on input line 65.
LaTeX Font Info:    Redeclaring math symbol \downdownarrows on input line 66.
LaTeX Font Info:    Redeclaring math symbol \upharpoonright on input line 67.
LaTeX Font Info:    Redeclaring math symbol \downharpoonright on input line 69.

LaTeX Font Info:    Redeclaring math symbol \upharpoonleft on input line 70.
LaTeX Font Info:    Redeclaring math symbol \downharpoonleft on input line 71.
LaTeX Font Info:    Redeclaring math symbol \rightarrowtail on input line 72.
LaTeX Font Info:    Redeclaring math symbol \leftarrowtail on input line 73.
LaTeX Font Info:    Redeclaring math symbol \leftrightarrows on input line 74.
LaTeX Font Info:    Redeclaring math symbol \rightleftarrows on input line 75.
LaTeX Font Info:    Redeclaring math symbol \Lsh on input line 76.
LaTeX Font Info:    Redeclaring math symbol \Rsh on input line 77.
LaTeX Font Info:    Redeclaring math symbol \leftrightsquigarrow on input line 
79.
LaTeX Font Info:    Redeclaring math symbol \looparrowleft on input line 80.
LaTeX Font Info:    Redeclaring math symbol \looparrowright on input line 81.
LaTeX Font Info:    Redeclaring math symbol \circeq on input line 82.
LaTeX Font Info:    Redeclaring math symbol \succsim on input line 83.
LaTeX Font Info:    Redeclaring math symbol \gtrsim on input line 84.
LaTeX Font Info:    Redeclaring math symbol \gtrapprox on input line 85.
LaTeX Font Info:    Redeclaring math symbol \multimap on input line 86.
LaTeX Font Info:    Redeclaring math symbol \therefore on input line 87.
LaTeX Font Info:    Redeclaring math symbol \because on input line 88.
LaTeX Font Info:    Redeclaring math symbol \doteqdot on input line 89.
LaTeX Font Info:    Redeclaring math symbol \triangleq on input line 91.
LaTeX Font Info:    Redeclaring math symbol \precsim on input line 92.
LaTeX Font Info:    Redeclaring math symbol \lesssim on input line 93.
LaTeX Font Info:    Redeclaring math symbol \lessapprox on input line 94.
LaTeX Font Info:    Redeclaring math symbol \eqslantless on input line 95.
LaTeX Font Info:    Redeclaring math symbol \eqslantgtr on input line 96.
LaTeX Font Info:    Redeclaring math symbol \curlyeqprec on input line 97.
LaTeX Font Info:    Redeclaring math symbol \curlyeqsucc on input line 98.
LaTeX Font Info:    Redeclaring math symbol \preccurlyeq on input line 99.
LaTeX Font Info:    Redeclaring math symbol \leqq on input line 100.
LaTeX Font Info:    Redeclaring math symbol \leqslant on input line 101.
LaTeX Font Info:    Redeclaring math symbol \lessgtr on input line 102.
LaTeX Font Info:    Redeclaring math symbol \backprime on input line 103.
LaTeX Font Info:    Redeclaring math symbol \risingdotseq on input line 104.
LaTeX Font Info:    Redeclaring math symbol \fallingdotseq on input line 105.
LaTeX Font Info:    Redeclaring math symbol \succcurlyeq on input line 106.
LaTeX Font Info:    Redeclaring math symbol \geqq on input line 107.
LaTeX Font Info:    Redeclaring math symbol \geqslant on input line 108.
LaTeX Font Info:    Redeclaring math symbol \gtrless on input line 109.
LaTeX Font Info:    Redeclaring math symbol \bigstar on input line 117.
LaTeX Font Info:    Redeclaring math symbol \between on input line 118.
LaTeX Font Info:    Redeclaring math symbol \blacktriangledown on input line 11
9.
LaTeX Font Info:    Redeclaring math symbol \blacktriangleright on input line 1
20.
LaTeX Font Info:    Redeclaring math symbol \blacktriangleleft on input line 12
1.
LaTeX Font Info:    Redeclaring math symbol \vartriangle on input line 122.
LaTeX Font Info:    Redeclaring math symbol \blacktriangle on input line 123.
LaTeX Font Info:    Redeclaring math symbol \triangledown on input line 124.
LaTeX Font Info:    Redeclaring math symbol \eqcirc on input line 125.
LaTeX Font Info:    Redeclaring math symbol \lesseqgtr on input line 126.
LaTeX Font Info:    Redeclaring math symbol \gtreqless on input line 127.
LaTeX Font Info:    Redeclaring math symbol \lesseqqgtr on input line 128.
LaTeX Font Info:    Redeclaring math symbol \gtreqqless on input line 129.
LaTeX Font Info:    Redeclaring math symbol \Rrightarrow on input line 130.
LaTeX Font Info:    Redeclaring math symbol \Lleftarrow on input line 131.
LaTeX Font Info:    Redeclaring math symbol \veebar on input line 132.
LaTeX Font Info:    Redeclaring math symbol \barwedge on input line 133.
LaTeX Font Info:    Redeclaring math symbol \doublebarwedge on input line 134.
LaTeX Font Info:    Redeclaring math symbol \measuredangle on input line 137.
LaTeX Font Info:    Redeclaring math symbol \sphericalangle on input line 138.
LaTeX Font Info:    Redeclaring math symbol \varpropto on input line 139.
LaTeX Font Info:    Redeclaring math symbol \smallsmile on input line 140.
LaTeX Font Info:    Redeclaring math symbol \smallfrown on input line 141.
LaTeX Font Info:    Redeclaring math symbol \Subset on input line 142.
LaTeX Font Info:    Redeclaring math symbol \Supset on input line 143.
LaTeX Font Info:    Redeclaring math symbol \Cup on input line 144.
LaTeX Font Info:    Redeclaring math symbol \Cap on input line 146.
LaTeX Font Info:    Redeclaring math symbol \curlywedge on input line 148.
LaTeX Font Info:    Redeclaring math symbol \curlyvee on input line 149.
LaTeX Font Info:    Redeclaring math symbol \leftthreetimes on input line 150.
LaTeX Font Info:    Redeclaring math symbol \rightthreetimes on input line 151.

LaTeX Font Info:    Redeclaring math symbol \subseteqq on input line 152.
LaTeX Font Info:    Redeclaring math symbol \supseteqq on input line 153.
LaTeX Font Info:    Redeclaring math symbol \bumpeq on input line 154.
LaTeX Font Info:    Redeclaring math symbol \Bumpeq on input line 155.
LaTeX Font Info:    Redeclaring math symbol \lll on input line 156.
LaTeX Font Info:    Redeclaring math symbol \ggg on input line 158.
LaTeX Font Info:    Redeclaring math symbol \circledS on input line 160.
LaTeX Font Info:    Redeclaring math symbol \pitchfork on input line 161.
LaTeX Font Info:    Redeclaring math symbol \dotplus on input line 162.
LaTeX Font Info:    Redeclaring math symbol \backsim on input line 163.
LaTeX Font Info:    Redeclaring math symbol \backsimeq on input line 164.
LaTeX Font Info:    Redeclaring math symbol \complement on input line 165.
LaTeX Font Info:    Redeclaring math symbol \intercal on input line 166.
LaTeX Font Info:    Redeclaring math symbol \circledcirc on input line 167.
LaTeX Font Info:    Redeclaring math symbol \circledast on input line 168.
LaTeX Font Info:    Redeclaring math symbol \circleddash on input line 169.
LaTeX Font Info:    Redeclaring math symbol \lvertneqq on input line 171.
LaTeX Font Info:    Redeclaring math symbol \gvertneqq on input line 172.
LaTeX Font Info:    Redeclaring math symbol \nleq on input line 173.
LaTeX Font Info:    Redeclaring math symbol \ngeq on input line 174.
LaTeX Font Info:    Redeclaring math symbol \nless on input line 175.
LaTeX Font Info:    Redeclaring math symbol \ngtr on input line 176.
LaTeX Font Info:    Redeclaring math symbol \nprec on input line 177.
LaTeX Font Info:    Redeclaring math symbol \nsucc on input line 178.
LaTeX Font Info:    Redeclaring math symbol \lneqq on input line 179.
LaTeX Font Info:    Redeclaring math symbol \gneqq on input line 180.
LaTeX Font Info:    Redeclaring math symbol \nleqslant on input line 181.
LaTeX Font Info:    Redeclaring math symbol \ngeqslant on input line 182.
LaTeX Font Info:    Redeclaring math symbol \lneq on input line 183.
LaTeX Font Info:    Redeclaring math symbol \gneq on input line 184.
LaTeX Font Info:    Redeclaring math symbol \npreceq on input line 185.
LaTeX Font Info:    Redeclaring math symbol \nsucceq on input line 186.
LaTeX Font Info:    Redeclaring math symbol \precnsim on input line 187.
LaTeX Font Info:    Redeclaring math symbol \succnsim on input line 188.
LaTeX Font Info:    Redeclaring math symbol \lnsim on input line 189.
LaTeX Font Info:    Redeclaring math symbol \gnsim on input line 190.
LaTeX Font Info:    Redeclaring math symbol \nleqq on input line 191.
LaTeX Font Info:    Redeclaring math symbol \ngeqq on input line 192.
LaTeX Font Info:    Redeclaring math symbol \precneqq on input line 193.
LaTeX Font Info:    Redeclaring math symbol \succneqq on input line 194.
LaTeX Font Info:    Redeclaring math symbol \precnapprox on input line 195.
LaTeX Font Info:    Redeclaring math symbol \succnapprox on input line 196.
LaTeX Font Info:    Redeclaring math symbol \lnapprox on input line 197.
LaTeX Font Info:    Redeclaring math symbol \gnapprox on input line 198.
LaTeX Font Info:    Redeclaring math symbol \nsim on input line 199.
LaTeX Font Info:    Redeclaring math symbol \ncong on input line 200.
LaTeX Font Info:    Redeclaring math symbol \diagup on input line 201.
LaTeX Font Info:    Redeclaring math symbol \diagdown on input line 202.
LaTeX Font Info:    Redeclaring math symbol \varsubsetneq on input line 203.
LaTeX Font Info:    Redeclaring math symbol \varsupsetneq on input line 204.
LaTeX Font Info:    Redeclaring math symbol \nsubseteqq on input line 205.
LaTeX Font Info:    Redeclaring math symbol \nsupseteqq on input line 206.
LaTeX Font Info:    Redeclaring math symbol \subsetneqq on input line 207.
LaTeX Font Info:    Redeclaring math symbol \supsetneqq on input line 208.
LaTeX Font Info:    Redeclaring math symbol \varsubsetneqq on input line 209.
LaTeX Font Info:    Redeclaring math symbol \varsupsetneqq on input line 210.
LaTeX Font Info:    Redeclaring math symbol \subsetneq on input line 211.
LaTeX Font Info:    Redeclaring math symbol \supsetneq on input line 212.
LaTeX Font Info:    Redeclaring math symbol \nsubseteq on input line 213.
LaTeX Font Info:    Redeclaring math symbol \nsupseteq on input line 214.
LaTeX Font Info:    Redeclaring math symbol \nparallel on input line 215.
LaTeX Font Info:    Redeclaring math symbol \nmid on input line 216.
LaTeX Font Info:    Redeclaring math symbol \nshortmid on input line 217.
LaTeX Font Info:    Redeclaring math symbol \nshortparallel on input line 218.
LaTeX Font Info:    Redeclaring math symbol \nvdash on input line 219.
LaTeX Font Info:    Redeclaring math symbol \nVdash on input line 220.
LaTeX Font Info:    Redeclaring math symbol \nvDash on input line 221.
LaTeX Font Info:    Redeclaring math symbol \nVDash on input line 222.
LaTeX Font Info:    Redeclaring math symbol \ntrianglerighteq on input line 223
.
LaTeX Font Info:    Redeclaring math symbol \ntrianglelefteq on input line 224.

LaTeX Font Info:    Redeclaring math symbol \ntriangleleft on input line 225.
LaTeX Font Info:    Redeclaring math symbol \ntriangleright on input line 226.
LaTeX Font Info:    Redeclaring math symbol \nleftarrow on input line 227.
LaTeX Font Info:    Redeclaring math symbol \nrightarrow on input line 228.
LaTeX Font Info:    Redeclaring math symbol \nLeftarrow on input line 229.
LaTeX Font Info:    Redeclaring math symbol \nRightarrow on input line 230.
LaTeX Font Info:    Redeclaring math symbol \nLeftrightarrow on input line 231.

LaTeX Font Info:    Redeclaring math symbol \nleftrightarrow on input line 232.

LaTeX Font Info:    Redeclaring math symbol \divideontimes on input line 233.
LaTeX Font Info:    Redeclaring math symbol \varnothing on input line 234.
LaTeX Font Info:    Redeclaring math symbol \nexists on input line 235.
LaTeX Font Info:    Redeclaring math symbol \Finv on input line 236.
LaTeX Font Info:    Redeclaring math symbol \Game on input line 237.
LaTeX Font Info:    Redeclaring math symbol \eth on input line 240.
LaTeX Font Info:    Redeclaring math symbol \eqsim on input line 241.
LaTeX Font Info:    Redeclaring math symbol \beth on input line 242.
LaTeX Font Info:    Redeclaring math symbol \gimel on input line 243.
LaTeX Font Info:    Redeclaring math symbol \daleth on input line 244.
LaTeX Font Info:    Redeclaring math symbol \lessdot on input line 245.
LaTeX Font Info:    Redeclaring math symbol \gtrdot on input line 246.
LaTeX Font Info:    Redeclaring math symbol \ltimes on input line 247.
LaTeX Font Info:    Redeclaring math symbol \rtimes on input line 248.
LaTeX Font Info:    Redeclaring math symbol \shortmid on input line 249.
LaTeX Font Info:    Redeclaring math symbol \shortparallel on input line 250.
LaTeX Font Info:    Redeclaring math symbol \smallsetminus on input line 251.
LaTeX Font Info:    Redeclaring math symbol \thicksim on input line 252.
LaTeX Font Info:    Redeclaring math symbol \thickapprox on input line 253.
LaTeX Font Info:    Redeclaring math symbol \approxeq on input line 254.
LaTeX Font Info:    Redeclaring math symbol \succapprox on input line 255.
LaTeX Font Info:    Redeclaring math symbol \precapprox on input line 256.
LaTeX Font Info:    Redeclaring math symbol \curvearrowleft on input line 257.
LaTeX Font Info:    Redeclaring math symbol \curvearrowright on input line 258.

LaTeX Font Info:    Redeclaring math symbol \digamma on input line 259.
LaTeX Font Info:    Redeclaring math symbol \varkappa on input line 260.
LaTeX Font Info:    Redeclaring math symbol \Bbbk on input line 261.
LaTeX Font Info:    Redeclaring math symbol \hslash on input line 262.
LaTeX Font Info:    Redeclaring math symbol \backepsilon on input line 265.
)
(/usr/local/texlive/2021/texmf-dist/tex/latex/lipsum/lipsum.sty
Package: lipsum 2021-03-03 v2.3 150 paragraphs of Lorem Ipsum dummy text

(/usr/local/texlive/2021/texmf-dist/tex/latex/lipsum/lipsum.ltd.tex
File: lipsum.ltd.tex 2021-03-03 v2.3 The Lorem ipsum dummy text
))
(/usr/local/texlive/2021/texmf-dist/tex/latex/picinpar/picinpar.sty
Pictures in Paragraphs. Version 1.2a, July 13, 1993
\br=\count326
\bl=\count327
\na=\count328
\nb=\count329
\tcdsav=\count330
\tcl=\count331
\tcd=\count332
\tcn=\count333
\cumtcl=\count334
\cumpartcl=\count335
\lftside=\dimen332
\rtside=\dimen333
\hpic=\dimen334
\vpic=\dimen335
\strutilg=\dimen336
\picwd=\dimen337
\topheight=\dimen338
\ilg=\dimen339
\lpic=\dimen340
\lwindowsep=\dimen341
\rwindowsep=\dimen342
\cumpar=\dimen343
\twa=\toks41
\la=\toks42
\ra=\toks43
\ha=\toks44
\pictoc=\toks45
\rawtext=\box64
\holder=\box65
\windowbox=\box66
\wartext=\box67
\finaltext=\box68
\aslice=\box69
\bslice=\box70
\wbox=\box71
\wstrutbox=\box72
\picbox=\box73
\waslice=\box74
\wbslice=\box75
\fslice=\box76
) (/usr/local/texlive/2021/texmf-dist/tex/generic/xypic/xy.sty
(/usr/local/texlive/2021/texmf-dist/tex/generic/xypic/xy.tex Bootstrap'ing:
catcodes, docmode,
(/usr/local/texlive/2021/texmf-dist/tex/generic/xypic/xyrecat.tex)
(/usr/local/texlive/2021/texmf-dist/tex/generic/xypic/xyidioms.tex)

 Xy-pic version 3.8.9 <2013/10/06>
 Copyright (c) 1991-2013 by Kristoffer H. Rose <krisrose@tug.org> and others
 Xy-pic is free software: see the User's Guide for details.

Loading kernel: messages; fonts; allocations: state,
\X@c=\dimen344
\Y@c=\dimen345
\U@c=\dimen346
\D@c=\dimen347
\L@c=\dimen348
\R@c=\dimen349
\Edge@c=\toks46
\X@p=\dimen350
\Y@p=\dimen351
\U@p=\dimen352
\D@p=\dimen353
\L@p=\dimen354
\R@p=\dimen355
\Edge@p=\toks47
\X@origin=\dimen356
\Y@origin=\dimen357
\X@xbase=\dimen358
\Y@xbase=\dimen359
\X@ybase=\dimen360
\Y@ybase=\dimen361
\X@min=\dimen362
\Y@min=\dimen363
\X@max=\dimen364
\Y@max=\dimen365
\lastobjectbox@=\box77
\zerodotbox@=\box78
\almostz@=\dimen366
 direction,
\d@X=\dimen367
\d@Y=\dimen368
\K@=\count336
\KK@=\count337
\Direction=\count338
\K@dXdY=\dimen369
\K@dYdX=\dimen370
\xyread@=\read2
\xywrite@=\write3
\csp@=\count339
\quotPTK@=\dimen371

utility macros; pictures: \xy, positions,
\swaptoks@@=\toks48
\connectobjectbox@@=\box79
 objects,
\styletoks@=\toks49
 decorations;
kernel objects: directionals, circles, text; options; algorithms: directions,
edges, connections;  Xy-pic loaded)
(/usr/local/texlive/2021/texmf-dist/tex/generic/iftex/ifpdf.sty
Package: ifpdf 2019/10/25 v3.4 ifpdf legacy package. Use iftex instead.
)
Package: xy 2013/10/06 Xy-pic version 3.8.9

(/usr/local/texlive/2021/texmf-dist/tex/generic/xypic/xyall.tex
 Xy-pic option: All features v.3.8
(/usr/local/texlive/2021/texmf-dist/tex/generic/xypic/xycurve.tex
 Xy-pic option: Curve and Spline extension v.3.12 curve,
\crv@cnt@=\count340
\crvpts@=\toks50
\splinebox@=\box80
\splineval@=\dimen372
\splinedepth@=\dimen373
\splinetol@=\dimen374
\splinelength@=\dimen375
 circles,
\L@=\dimen376
 loaded)
(/usr/local/texlive/2021/texmf-dist/tex/generic/xypic/xyframe.tex
 Xy-pic option: Frame and Bracket extension v.3.14 loaded)
(/usr/local/texlive/2021/texmf-dist/tex/generic/xypic/xycmtip.tex
 Xy-pic option: Computer Modern tip extension v.3.7
(/usr/local/texlive/2021/texmf-dist/tex/generic/xypic/xytips.tex
 Xy-pic option: More Tips extension v.3.11 loaded) loaded)
(/usr/local/texlive/2021/texmf-dist/tex/generic/xypic/xyline.tex
 Xy-pic option: Line styles extension v.3.10
\xylinethick@=\dimen377
 loaded)
(/usr/local/texlive/2021/texmf-dist/tex/generic/xypic/xyrotate.tex
 Xy-pic option: Rotate and Scale extension v.3.8 loaded)
(/usr/local/texlive/2021/texmf-dist/tex/generic/xypic/xycolor.tex
 Xy-pic option: Colour extension v.3.11 loaded)
(/usr/local/texlive/2021/texmf-dist/tex/generic/xypic/xymatrix.tex
 Xy-pic option: Matrix feature v.3.14
\Row=\count341
\Col=\count342
\queue@=\toks51
\queue@@=\toks52
\qcount@=\count343
\qcount@@=\count344
\matrixsize@=\count345
 loaded)
(/usr/local/texlive/2021/texmf-dist/tex/generic/xypic/xyarrow.tex
 Xy-pic option: Arrow and Path feature v.3.9 path, \ar, loaded)
(/usr/local/texlive/2021/texmf-dist/tex/generic/xypic/xygraph.tex
 Xy-pic option: Graph feature v.3.11 loaded) loaded))
(/usr/local/texlive/2021/texmf-dist/tex/latex/asymptote/asymptote.sty
Package: asymptote 2021/02/06 v1.36 Asymptote style file for LaTeX

(./main.pre)
\ASYbox=\box81
\ASYdimen=\dimen378
\c@asy=\count346
\AsyStream=\write4
\AsyPreStream=\write5
 (/usr/local/texlive/2021/texmf-dist/tex/generic/iftex/ifxetex.sty
Package: ifxetex 2019/10/25 v0.7 ifxetex legacy package. Use iftex instead.
)
\openout5 = `main.pre'.

) (/usr/local/texlive/2021/texmf-dist/tex/latex/footmisc/footmisc.sty
Package: footmisc 2011/06/06 v5.5b a miscellany of footnote facilities
\FN@temptoken=\toks53
\footnotemargin=\dimen379
\c@pp@next@reset=\count347
\c@@fnserial=\count348
Package footmisc Info: Declaring symbol style bringhurst on input line 855.
Package footmisc Info: Declaring symbol style chicago on input line 863.
Package footmisc Info: Declaring symbol style wiley on input line 872.
Package footmisc Info: Declaring symbol style lamport-robust on input line 883.

Package footmisc Info: Declaring symbol style lamport* on input line 903.
Package footmisc Info: Declaring symbol style lamport*-robust on input line 924
.
)
(/usr/local/texlive/2021/texmf-dist/tex/latex/xcolor/xcolor.sty
Package: xcolor 2016/05/11 v2.12 LaTeX color extensions (UK)

(/usr/local/texlive/2021/texmf-dist/tex/latex/graphics-cfg/color.cfg
File: color.cfg 2016/01/02 v1.6 sample color configuration
)
Package xcolor Info: Driver file: xetex.def on input line 225.
LaTeX Info: Redefining \color on input line 709.
Package xcolor Info: Model `cmy' substituted by `cmy0' on input line 1348.
Package xcolor Info: Model `RGB' extended on input line 1364.
Package xcolor Info: Model `HTML' substituted by `rgb' on input line 1366.
Package xcolor Info: Model `Hsb' substituted by `hsb' on input line 1367.
Package xcolor Info: Model `tHsb' substituted by `hsb' on input line 1368.
Package xcolor Info: Model `HSB' substituted by `hsb' on input line 1369.
Package xcolor Info: Model `Gray' substituted by `gray' on input line 1370.
Package xcolor Info: Model `wave' substituted by `hsb' on input line 1371.
)
(/usr/local/texlive/2021/texmf-dist/tex/latex/titling/titling.sty
Package: titling 2009/09/04 v2.1d maketitle typesetting
\thanksmarkwidth=\skip90
\thanksmargin=\skip91
\droptitle=\skip92
)

Package geometry Warning: Over-specification in `h'-direction.
    `width' (392.64803pt) is ignored.


Package geometry Warning: Over-specification in `v'-direction.
    `height' (611.73424pt) is ignored.

(/usr/local/texlive/2021/texmf-dist/tex/latex/pgf/frontendlayer/tikz.sty
(/usr/local/texlive/2021/texmf-dist/tex/latex/pgf/basiclayer/pgf.sty
(/usr/local/texlive/2021/texmf-dist/tex/latex/pgf/utilities/pgfrcs.sty
(/usr/local/texlive/2021/texmf-dist/tex/generic/pgf/utilities/pgfutil-common.te
x
\pgfutil@everybye=\toks54
\pgfutil@tempdima=\dimen380
\pgfutil@tempdimb=\dimen381

(/usr/local/texlive/2021/texmf-dist/tex/generic/pgf/utilities/pgfutil-common-li
sts.tex))
(/usr/local/texlive/2021/texmf-dist/tex/generic/pgf/utilities/pgfutil-latex.def
\pgfutil@abb=\box82
) (/usr/local/texlive/2021/texmf-dist/tex/generic/pgf/utilities/pgfrcs.code.tex
(/usr/local/texlive/2021/texmf-dist/tex/generic/pgf/pgf.revision.tex)
Package: pgfrcs 2020/12/27 v3.1.8b (3.1.8b)
))
Package: pgf 2020/12/27 v3.1.8b (3.1.8b)

(/usr/local/texlive/2021/texmf-dist/tex/latex/pgf/basiclayer/pgfcore.sty
(/usr/local/texlive/2021/texmf-dist/tex/latex/pgf/systemlayer/pgfsys.sty
(/usr/local/texlive/2021/texmf-dist/tex/generic/pgf/systemlayer/pgfsys.code.tex
Package: pgfsys 2020/12/27 v3.1.8b (3.1.8b)
(/usr/local/texlive/2021/texmf-dist/tex/generic/pgf/utilities/pgfkeys.code.tex
\pgfkeys@pathtoks=\toks55
\pgfkeys@temptoks=\toks56

(/usr/local/texlive/2021/texmf-dist/tex/generic/pgf/utilities/pgfkeysfiltered.c
ode.tex
\pgfkeys@tmptoks=\toks57
))
\pgf@x=\dimen382
\pgf@y=\dimen383
\pgf@xa=\dimen384
\pgf@ya=\dimen385
\pgf@xb=\dimen386
\pgf@yb=\dimen387
\pgf@xc=\dimen388
\pgf@yc=\dimen389
\pgf@xd=\dimen390
\pgf@yd=\dimen391
\w@pgf@writea=\write6
\r@pgf@reada=\read3
\c@pgf@counta=\count349
\c@pgf@countb=\count350
\c@pgf@countc=\count351
\c@pgf@countd=\count352
\t@pgf@toka=\toks58
\t@pgf@tokb=\toks59
\t@pgf@tokc=\toks60
\pgf@sys@id@count=\count353

(/usr/local/texlive/2021/texmf-dist/tex/generic/pgf/systemlayer/pgf.cfg
File: pgf.cfg 2020/12/27 v3.1.8b (3.1.8b)
)
Driver file for pgf: pgfsys-xetex.def

(/usr/local/texlive/2021/texmf-dist/tex/generic/pgf/systemlayer/pgfsys-xetex.de
f
File: pgfsys-xetex.def 2020/12/27 v3.1.8b (3.1.8b)

(/usr/local/texlive/2021/texmf-dist/tex/generic/pgf/systemlayer/pgfsys-dvipdfmx
.def
File: pgfsys-dvipdfmx.def 2020/12/27 v3.1.8b (3.1.8b)

(/usr/local/texlive/2021/texmf-dist/tex/generic/pgf/systemlayer/pgfsys-common-p
df.def
File: pgfsys-common-pdf.def 2020/12/27 v3.1.8b (3.1.8b)
)
\pgfsys@objnum=\count354
)))
(/usr/local/texlive/2021/texmf-dist/tex/generic/pgf/systemlayer/pgfsyssoftpath.
code.tex
File: pgfsyssoftpath.code.tex 2020/12/27 v3.1.8b (3.1.8b)
\pgfsyssoftpath@smallbuffer@items=\count355
\pgfsyssoftpath@bigbuffer@items=\count356
)
(/usr/local/texlive/2021/texmf-dist/tex/generic/pgf/systemlayer/pgfsysprotocol.
code.tex
File: pgfsysprotocol.code.tex 2020/12/27 v3.1.8b (3.1.8b)
))
(/usr/local/texlive/2021/texmf-dist/tex/generic/pgf/basiclayer/pgfcore.code.tex
Package: pgfcore 2020/12/27 v3.1.8b (3.1.8b)
(/usr/local/texlive/2021/texmf-dist/tex/generic/pgf/math/pgfmath.code.tex
(/usr/local/texlive/2021/texmf-dist/tex/generic/pgf/math/pgfmathcalc.code.tex
(/usr/local/texlive/2021/texmf-dist/tex/generic/pgf/math/pgfmathutil.code.tex)
(/usr/local/texlive/2021/texmf-dist/tex/generic/pgf/math/pgfmathparser.code.tex
\pgfmath@dimen=\dimen392
\pgfmath@count=\count357
\pgfmath@box=\box83
\pgfmath@toks=\toks61
\pgfmath@stack@operand=\toks62
\pgfmath@stack@operation=\toks63
)
(/usr/local/texlive/2021/texmf-dist/tex/generic/pgf/math/pgfmathfunctions.code.
tex
(/usr/local/texlive/2021/texmf-dist/tex/generic/pgf/math/pgfmathfunctions.basic
.code.tex)
(/usr/local/texlive/2021/texmf-dist/tex/generic/pgf/math/pgfmathfunctions.trigo
nometric.code.tex)
(/usr/local/texlive/2021/texmf-dist/tex/generic/pgf/math/pgfmathfunctions.rando
m.code.tex)
(/usr/local/texlive/2021/texmf-dist/tex/generic/pgf/math/pgfmathfunctions.compa
rison.code.tex)
(/usr/local/texlive/2021/texmf-dist/tex/generic/pgf/math/pgfmathfunctions.base.
code.tex)
(/usr/local/texlive/2021/texmf-dist/tex/generic/pgf/math/pgfmathfunctions.round
.code.tex)
(/usr/local/texlive/2021/texmf-dist/tex/generic/pgf/math/pgfmathfunctions.misc.
code.tex)
(/usr/local/texlive/2021/texmf-dist/tex/generic/pgf/math/pgfmathfunctions.integ
erarithmetics.code.tex)))
(/usr/local/texlive/2021/texmf-dist/tex/generic/pgf/math/pgfmathfloat.code.tex
\c@pgfmathroundto@lastzeros=\count358
)) (/usr/local/texlive/2021/texmf-dist/tex/generic/pgf/math/pgfint.code.tex)
(/usr/local/texlive/2021/texmf-dist/tex/generic/pgf/basiclayer/pgfcorepoints.co
de.tex
File: pgfcorepoints.code.tex 2020/12/27 v3.1.8b (3.1.8b)
\pgf@picminx=\dimen393
\pgf@picmaxx=\dimen394
\pgf@picminy=\dimen395
\pgf@picmaxy=\dimen396
\pgf@pathminx=\dimen397
\pgf@pathmaxx=\dimen398
\pgf@pathminy=\dimen399
\pgf@pathmaxy=\dimen400
\pgf@xx=\dimen401
\pgf@xy=\dimen402
\pgf@yx=\dimen403
\pgf@yy=\dimen404
\pgf@zx=\dimen405
\pgf@zy=\dimen406
)
(/usr/local/texlive/2021/texmf-dist/tex/generic/pgf/basiclayer/pgfcorepathconst
ruct.code.tex
File: pgfcorepathconstruct.code.tex 2020/12/27 v3.1.8b (3.1.8b)
\pgf@path@lastx=\dimen407
\pgf@path@lasty=\dimen408
)
(/usr/local/texlive/2021/texmf-dist/tex/generic/pgf/basiclayer/pgfcorepathusage
.code.tex
File: pgfcorepathusage.code.tex 2020/12/27 v3.1.8b (3.1.8b)
\pgf@shorten@end@additional=\dimen409
\pgf@shorten@start@additional=\dimen410
)
(/usr/local/texlive/2021/texmf-dist/tex/generic/pgf/basiclayer/pgfcorescopes.co
de.tex
File: pgfcorescopes.code.tex 2020/12/27 v3.1.8b (3.1.8b)
\pgfpic=\box84
\pgf@hbox=\box85
\pgf@layerbox@main=\box86
\pgf@picture@serial@count=\count359
)
(/usr/local/texlive/2021/texmf-dist/tex/generic/pgf/basiclayer/pgfcoregraphicst
ate.code.tex
File: pgfcoregraphicstate.code.tex 2020/12/27 v3.1.8b (3.1.8b)
\pgflinewidth=\dimen411
)
(/usr/local/texlive/2021/texmf-dist/tex/generic/pgf/basiclayer/pgfcoretransform
ations.code.tex
File: pgfcoretransformations.code.tex 2020/12/27 v3.1.8b (3.1.8b)
\pgf@pt@x=\dimen412
\pgf@pt@y=\dimen413
\pgf@pt@temp=\dimen414
)
(/usr/local/texlive/2021/texmf-dist/tex/generic/pgf/basiclayer/pgfcorequick.cod
e.tex
File: pgfcorequick.code.tex 2020/12/27 v3.1.8b (3.1.8b)
)
(/usr/local/texlive/2021/texmf-dist/tex/generic/pgf/basiclayer/pgfcoreobjects.c
ode.tex
File: pgfcoreobjects.code.tex 2020/12/27 v3.1.8b (3.1.8b)
)
(/usr/local/texlive/2021/texmf-dist/tex/generic/pgf/basiclayer/pgfcorepathproce
ssing.code.tex
File: pgfcorepathprocessing.code.tex 2020/12/27 v3.1.8b (3.1.8b)
)
(/usr/local/texlive/2021/texmf-dist/tex/generic/pgf/basiclayer/pgfcorearrows.co
de.tex
File: pgfcorearrows.code.tex 2020/12/27 v3.1.8b (3.1.8b)
\pgfarrowsep=\dimen415
)
(/usr/local/texlive/2021/texmf-dist/tex/generic/pgf/basiclayer/pgfcoreshade.cod
e.tex
File: pgfcoreshade.code.tex 2020/12/27 v3.1.8b (3.1.8b)
\pgf@max=\dimen416
\pgf@sys@shading@range@num=\count360
\pgf@shadingcount=\count361
)
(/usr/local/texlive/2021/texmf-dist/tex/generic/pgf/basiclayer/pgfcoreimage.cod
e.tex
File: pgfcoreimage.code.tex 2020/12/27 v3.1.8b (3.1.8b)

(/usr/local/texlive/2021/texmf-dist/tex/generic/pgf/basiclayer/pgfcoreexternal.
code.tex
File: pgfcoreexternal.code.tex 2020/12/27 v3.1.8b (3.1.8b)
\pgfexternal@startupbox=\box87
))
(/usr/local/texlive/2021/texmf-dist/tex/generic/pgf/basiclayer/pgfcorelayers.co
de.tex
File: pgfcorelayers.code.tex 2020/12/27 v3.1.8b (3.1.8b)
)
(/usr/local/texlive/2021/texmf-dist/tex/generic/pgf/basiclayer/pgfcoretranspare
ncy.code.tex
File: pgfcoretransparency.code.tex 2020/12/27 v3.1.8b (3.1.8b)
)
(/usr/local/texlive/2021/texmf-dist/tex/generic/pgf/basiclayer/pgfcorepatterns.
code.tex
File: pgfcorepatterns.code.tex 2020/12/27 v3.1.8b (3.1.8b)
)
(/usr/local/texlive/2021/texmf-dist/tex/generic/pgf/basiclayer/pgfcorerdf.code.
tex
File: pgfcorerdf.code.tex 2020/12/27 v3.1.8b (3.1.8b)
)))
(/usr/local/texlive/2021/texmf-dist/tex/generic/pgf/modules/pgfmoduleshapes.cod
e.tex
File: pgfmoduleshapes.code.tex 2020/12/27 v3.1.8b (3.1.8b)
\pgfnodeparttextbox=\box88
)
(/usr/local/texlive/2021/texmf-dist/tex/generic/pgf/modules/pgfmoduleplot.code.
tex
File: pgfmoduleplot.code.tex 2020/12/27 v3.1.8b (3.1.8b)
)
(/usr/local/texlive/2021/texmf-dist/tex/latex/pgf/compatibility/pgfcomp-version
-0-65.sty
Package: pgfcomp-version-0-65 2020/12/27 v3.1.8b (3.1.8b)
\pgf@nodesepstart=\dimen417
\pgf@nodesepend=\dimen418
)
(/usr/local/texlive/2021/texmf-dist/tex/latex/pgf/compatibility/pgfcomp-version
-1-18.sty
Package: pgfcomp-version-1-18 2020/12/27 v3.1.8b (3.1.8b)
))
(/usr/local/texlive/2021/texmf-dist/tex/latex/pgf/utilities/pgffor.sty
(/usr/local/texlive/2021/texmf-dist/tex/latex/pgf/utilities/pgfkeys.sty
(/usr/local/texlive/2021/texmf-dist/tex/generic/pgf/utilities/pgfkeys.code.tex)
) (/usr/local/texlive/2021/texmf-dist/tex/latex/pgf/math/pgfmath.sty
(/usr/local/texlive/2021/texmf-dist/tex/generic/pgf/math/pgfmath.code.tex))
(/usr/local/texlive/2021/texmf-dist/tex/generic/pgf/utilities/pgffor.code.tex
Package: pgffor 2020/12/27 v3.1.8b (3.1.8b)

(/usr/local/texlive/2021/texmf-dist/tex/generic/pgf/math/pgfmath.code.tex)
\pgffor@iter=\dimen419
\pgffor@skip=\dimen420
\pgffor@stack=\toks64
\pgffor@toks=\toks65
))
(/usr/local/texlive/2021/texmf-dist/tex/generic/pgf/frontendlayer/tikz/tikz.cod
e.tex
Package: tikz 2020/12/27 v3.1.8b (3.1.8b)

(/usr/local/texlive/2021/texmf-dist/tex/generic/pgf/libraries/pgflibraryplothan
dlers.code.tex
File: pgflibraryplothandlers.code.tex 2020/12/27 v3.1.8b (3.1.8b)
\pgf@plot@mark@count=\count362
\pgfplotmarksize=\dimen421
)
\tikz@lastx=\dimen422
\tikz@lasty=\dimen423
\tikz@lastxsaved=\dimen424
\tikz@lastysaved=\dimen425
\tikz@lastmovetox=\dimen426
\tikz@lastmovetoy=\dimen427
\tikzleveldistance=\dimen428
\tikzsiblingdistance=\dimen429
\tikz@figbox=\box89
\tikz@figbox@bg=\box90
\tikz@tempbox=\box91
\tikz@tempbox@bg=\box92
\tikztreelevel=\count363
\tikznumberofchildren=\count364
\tikznumberofcurrentchild=\count365
\tikz@fig@count=\count366

(/usr/local/texlive/2021/texmf-dist/tex/generic/pgf/modules/pgfmodulematrix.cod
e.tex
File: pgfmodulematrix.code.tex 2020/12/27 v3.1.8b (3.1.8b)
\pgfmatrixcurrentrow=\count367
\pgfmatrixcurrentcolumn=\count368
\pgf@matrix@numberofcolumns=\count369
)
\tikz@expandcount=\count370

(/usr/local/texlive/2021/texmf-dist/tex/generic/pgf/frontendlayer/tikz/librarie
s/tikzlibrarytopaths.code.tex
File: tikzlibrarytopaths.code.tex 2020/12/27 v3.1.8b (3.1.8b)
)))
(/usr/local/texlive/2021/texmf-dist/tex/latex/hyperref/hyperref.sty
Package: hyperref 2021-02-27 v7.00k Hypertext links for LaTeX

(/usr/local/texlive/2021/texmf-dist/tex/generic/pdftexcmds/pdftexcmds.sty
Package: pdftexcmds 2020-06-27 v0.33 Utility functions of pdfTeX for LuaTeX (HO
)
Package pdftexcmds Info: \pdf@primitive is available.
Package pdftexcmds Info: \pdf@ifprimitive is available.
Package pdftexcmds Info: \pdfdraftmode not found.
)
(/usr/local/texlive/2021/texmf-dist/tex/generic/kvdefinekeys/kvdefinekeys.sty
Package: kvdefinekeys 2019-12-19 v1.6 Define keys (HO)
)
(/usr/local/texlive/2021/texmf-dist/tex/generic/pdfescape/pdfescape.sty
Package: pdfescape 2019/12/09 v1.15 Implements pdfTeX's escape features (HO)
)
(/usr/local/texlive/2021/texmf-dist/tex/latex/hycolor/hycolor.sty
Package: hycolor 2020-01-27 v1.10 Color options for hyperref/bookmark (HO)
)
(/usr/local/texlive/2021/texmf-dist/tex/latex/letltxmacro/letltxmacro.sty
Package: letltxmacro 2019/12/03 v1.6 Let assignment for LaTeX macros (HO)
)
(/usr/local/texlive/2021/texmf-dist/tex/latex/auxhook/auxhook.sty
Package: auxhook 2019-12-17 v1.6 Hooks for auxiliary files (HO)
)
\@linkdim=\dimen430
\Hy@linkcounter=\count371
\Hy@pagecounter=\count372

(/usr/local/texlive/2021/texmf-dist/tex/latex/hyperref/pd1enc.def
File: pd1enc.def 2021-02-27 v7.00k Hyperref: PDFDocEncoding definition (HO)
)
(/usr/local/texlive/2021/texmf-dist/tex/latex/hyperref/hyperref-langpatches.def
File: hyperref-langpatches.def 2021-02-27 v7.00k Hyperref: patches for babel la
nguages
) (/usr/local/texlive/2021/texmf-dist/tex/generic/intcalc/intcalc.sty
Package: intcalc 2019/12/15 v1.3 Expandable calculations with integers (HO)
)
\Hy@SavedSpaceFactor=\count373

(/usr/local/texlive/2021/texmf-dist/tex/latex/hyperref/puenc.def
File: puenc.def 2021-02-27 v7.00k Hyperref: PDF Unicode definition (HO)
)
Package hyperref Info: Option `unicode' set `true' on input line 4073.
Package hyperref Info: Option `breaklinks' set `true' on input line 4073.
Package hyperref Info: Option `colorlinks' set `true' on input line 4073.
Package hyperref Info: Hyper figures OFF on input line 4192.
Package hyperref Info: Link nesting OFF on input line 4197.
Package hyperref Info: Hyper index ON on input line 4200.
Package hyperref Info: Plain pages OFF on input line 4207.
Package hyperref Info: Backreferencing ON on input line 4210.
Package hyperref Info: Implicit mode ON; LaTeX internals redefined.
Package hyperref Info: Bookmarks ON on input line 4445.

(/usr/local/texlive/2021/texmf-dist/tex/latex/hyperref/backref.sty
Package: backref 2021/02/04 v1.41 Bibliographical back referencing

(/usr/local/texlive/2021/texmf-dist/tex/latex/rerunfilecheck/rerunfilecheck.sty
Package: rerunfilecheck 2019/12/05 v1.9 Rerun checks for auxiliary files (HO)
(/usr/local/texlive/2021/texmf-dist/tex/latex/base/atveryend-ltx.sty
Package: atveryend-ltx 2020/08/19 v1.0a Emulation of the original atvery packag
e
with kernel methods
)
(/usr/local/texlive/2021/texmf-dist/tex/generic/uniquecounter/uniquecounter.sty
Package: uniquecounter 2019/12/15 v1.4 Provide unlimited unique counter (HO)
(/usr/local/texlive/2021/texmf-dist/tex/generic/bigintcalc/bigintcalc.sty
Package: bigintcalc 2019/12/15 v1.5 Expandable calculations on big integers (HO
)
))
Package uniquecounter Info: New unique counter `rerunfilecheck' on input line 2
86.
))
\c@Hy@tempcnt=\count374
LaTeX Info: Redefining \url on input line 4804.
\XeTeXLinkMargin=\dimen431

(/usr/local/texlive/2021/texmf-dist/tex/generic/bitset/bitset.sty
Package: bitset 2019/12/09 v1.3 Handle bit-vector datatype (HO)
)
\Fld@menulength=\count375
\Field@Width=\dimen432
\Fld@charsize=\dimen433
Package hyperref Info: Hyper figures OFF on input line 6075.
Package hyperref Info: Link nesting OFF on input line 6080.
Package hyperref Info: Hyper index ON on input line 6083.
Package hyperref Info: backreferencing ON on input line 6088.
Package hyperref Info: Link coloring ON on input line 6093.
Package hyperref Info: Link coloring with OCG OFF on input line 6100.
Package hyperref Info: PDF/A mode OFF on input line 6105.
LaTeX Info: Redefining \ref on input line 6145.
LaTeX Info: Redefining \pageref on input line 6149.

(/usr/local/texlive/2021/texmf-dist/tex/latex/base/atbegshi-ltx.sty
Package: atbegshi-ltx 2020/08/17 v1.0a Emulation of the original atbegshi packa
ge
with kernel methods
)
\Hy@abspage=\count376
\c@Item=\count377
\c@Hfootnote=\count378
)
Package hyperref Info: Driver (autodetected): hxetex.

(/usr/local/texlive/2021/texmf-dist/tex/latex/hyperref/hxetex.def
File: hxetex.def 2021-02-27 v7.00k Hyperref driver for XeTeX

(/usr/local/texlive/2021/texmf-dist/tex/generic/stringenc/stringenc.sty
Package: stringenc 2019/11/29 v1.12 Convert strings between diff. encodings (HO
)
)
\pdfm@box=\box93
\c@Hy@AnnotLevel=\count379
\HyField@AnnotCount=\count380
\Fld@listcount=\count381
\c@bookmark@seq@number=\count382
\Hy@SectionHShift=\skip93
)
(/usr/local/texlive/2021/texmf-dist/tex/latex/cleveref/cleveref.sty
Package: cleveref 2018/03/27 v0.21.4 Intelligent cross-referencing
Package cleveref Info: `hyperref' support loaded on input line 2370.
LaTeX Info: Redefining \cref on input line 2370.
LaTeX Info: Redefining \Cref on input line 2370.
LaTeX Info: Redefining \crefrange on input line 2370.
LaTeX Info: Redefining \Crefrange on input line 2370.
LaTeX Info: Redefining \cpageref on input line 2370.
LaTeX Info: Redefining \Cpageref on input line 2370.
LaTeX Info: Redefining \cpagerefrange on input line 2370.
LaTeX Info: Redefining \Cpagerefrange on input line 2370.
LaTeX Info: Redefining \labelcref on input line 2370.
LaTeX Info: Redefining \labelcpageref on input line 2370.
Package cleveref Info: `amsthm' support loaded on input line 3026.
)
(/usr/local/texlive/2021/texmf-dist/tex/latex/listings/listings.sty
\lst@mode=\count383
\lst@gtempboxa=\box94
\lst@token=\toks66
\lst@length=\count384
\lst@currlwidth=\dimen434
\lst@column=\count385
\lst@pos=\count386
\lst@lostspace=\dimen435
\lst@width=\dimen436
\lst@newlines=\count387
\lst@lineno=\count388
\lst@maxwidth=\dimen437

(/usr/local/texlive/2021/texmf-dist/tex/latex/listings/lstmisc.sty
File: lstmisc.sty 2020/03/24 1.8d (Carsten Heinz)
\c@lstnumber=\count389
\lst@skipnumbers=\count390
\lst@framebox=\box95
)
(/usr/local/texlive/2021/texmf-dist/tex/latex/listings/listings.cfg
File: listings.cfg 2020/03/24 1.8d listings configuration
))
Package: listings 2020/03/24 1.8d (Carsten Heinz)

(/usr/local/texlive/2021/texmf-dist/tex/xelatex/xecjk/xeCJK-listings.sty
Package: xeCJK-listings 2020/10/19 v3.8.6 xeCJK patch file for listings
\l__xeCJK_listings_max_char_int=\count391
\l__xeCJK_listings_flag_int=\count392
)
(/usr/local/texlive/2021/texmf-dist/tex/latex/listings/lstlang1.sty
File: lstlang1.sty 2020/03/24 1.8d listings language file
)
(/usr/local/texlive/2021/texmf-dist/tex/latex/listings/lstlang1.sty
File: lstlang1.sty 2020/03/24 1.8d listings language file
)
(/usr/local/texlive/2021/texmf-dist/tex/latex/listings/lstmisc.sty
File: lstmisc.sty 2020/03/24 1.8d (Carsten Heinz)
))
\c@Definition=\count393
\c@Lemma=\count394
\c@Theorem=\count395

(/usr/local/texlive/2021/texmf-dist/tex/latex/enumitem/enumitem.sty
Package: enumitem 2019/06/20 v3.9 Customized lists
\labelindent=\skip94
\enit@outerparindent=\dimen438
\enit@toks=\toks67
\enit@inbox=\box96
\enit@count@id=\count396
\enitdp@description=\count397
)
LaTeX Font Info:    Trying to load font information for TU+txr on input line 32
.
LaTeX Font Info:    No file TUtxr.fd. on input line 32.


LaTeX Font Warning: Font shape `TU/txr/m/n' undefined
(Font)              using `TU/lmr/m/n' instead on input line 32.

(./main.aux (./chap/Mac_Termianl.aux) (./chap/Git.aux))
\openout1 = `main.aux'.

LaTeX Font Info:    Checking defaults for OML/txmi/m/it on input line 32.
LaTeX Font Info:    Trying to load font information for OML+txmi on input line 
32.

(/usr/local/texlive/2021/texmf-dist/tex/latex/txfonts/omltxmi.fd
File: omltxmi.fd 2000/12/15 v3.1
)
LaTeX Font Info:    ... okay on input line 32.
LaTeX Font Info:    Checking defaults for OMS/txsy/m/n on input line 32.
LaTeX Font Info:    Trying to load font information for OMS+txsy on input line 
32.

(/usr/local/texlive/2021/texmf-dist/tex/latex/txfonts/omstxsy.fd
File: omstxsy.fd 2000/12/15 v3.1
)
LaTeX Font Info:    ... okay on input line 32.
LaTeX Font Info:    Checking defaults for OT1/cmr/m/n on input line 32.
LaTeX Font Info:    ... okay on input line 32.
LaTeX Font Info:    Checking defaults for T1/cmr/m/n on input line 32.
LaTeX Font Info:    ... okay on input line 32.
LaTeX Font Info:    Checking defaults for TS1/cmr/m/n on input line 32.
LaTeX Font Info:    ... okay on input line 32.
LaTeX Font Info:    Checking defaults for TU/lmr/m/n on input line 32.
LaTeX Font Info:    ... okay on input line 32.
LaTeX Font Info:    Checking defaults for OMX/txex/m/n on input line 32.
LaTeX Font Info:    Trying to load font information for OMX+txex on input line 
32.

(/usr/local/texlive/2021/texmf-dist/tex/latex/txfonts/omxtxex.fd
File: omxtxex.fd 2000/12/15 v3.1
)
LaTeX Font Info:    ... okay on input line 32.
LaTeX Font Info:    Checking defaults for U/txexa/m/n on input line 32.
LaTeX Font Info:    Trying to load font information for U+txexa on input line 3
2.

(/usr/local/texlive/2021/texmf-dist/tex/latex/txfonts/utxexa.fd
File: utxexa.fd 2000/12/15 v3.1
)
LaTeX Font Info:    ... okay on input line 32.
LaTeX Font Info:    Checking defaults for PD1/pdf/m/n on input line 32.
LaTeX Font Info:    ... okay on input line 32.
LaTeX Font Info:    Checking defaults for PU/pdf/m/n on input line 32.
LaTeX Font Info:    ... okay on input line 32.

ABD: EverySelectfont initializing macros
LaTeX Info: Redefining \selectfont on input line 32.

*geometry* driver: auto-detecting
*geometry* detected driver: xetex
*geometry* verbose mode - [ preamble ] result:
* driver: xetex
* paper: <default>
* layout: <same size as paper>
* layoutoffset:(h,v)=(0.0pt,0.0pt)
* modes: heightrounded 
* h-part:(L,W,R)=(76.82243pt, 460.65013pt, 76.82243pt)
* v-part:(T,H,B)=(79.66771pt, 647.01567pt, 68.2866pt)
* \paperwidth=614.295pt
* \paperheight=794.96999pt
* \textwidth=460.65013pt
* \textheight=652.90125pt
* \oddsidemargin=4.55244pt
* \evensidemargin=4.55244pt
* \topmargin=-69.4247pt
* \headheight=56.9055pt
* \headsep=19.91692pt
* \topskip=12.0pt
* \footskip=19.91692pt
* \marginparwidth=47.0pt
* \marginparsep=7.0pt
* \columnsep=10.0pt
* \skip\footins=10.8pt plus 4.0pt minus 2.0pt
* \hoffset=0.0pt
* \voffset=0.0pt
* \mag=1000
* \@twocolumnfalse
* \@twosidefalse
* \@mparswitchfalse
* \@reversemarginfalse
* (1in=72.27pt=25.4mm, 1cm=28.453pt)

Package caption Info: Begin \AtBeginDocument code.
Package caption Info: float package is loaded.
Package caption Info: hyperref package is loaded.
Package caption Info: listings package is loaded.
Package caption Info: picinpar package is loaded.
Package caption Info: End \AtBeginDocument code.
Package hyperref Info: Link coloring ON on input line 32.
LaTeX Info: Redefining \ref on input line 32.
LaTeX Info: Redefining \pageref on input line 32.
LaTeX Info: Redefining \nameref on input line 32.
(./main.out) (./main.out)
\@outlinefile=\write7
\openout7 = `main.out'.

Package backref Info: ** backref set up for natbib ** on input line 32.
\c@lstlisting=\count398
 (./setc.tex)
\openout2 = `chap/Mac_Terminal.aux'.

 (./chap/Mac_Terminal.tex


Package fontspec Info: Could not resolve font "PingFang SC/I" (it probably
(fontspec)             doesn't exist).

LaTeX Font Info:    Trying to load font information for TU+txss on input line 1
.
LaTeX Font Info:    No file TUtxss.fd. on input line 1.

LaTeX Font Warning: Font shape `TU/txss/m/n' undefined
(Font)              using `TU/lmr/m/n' instead on input line 1.


Package fontspec Info: Font family 'PingFangSC(0)' created for font 'PingFang
(fontspec)             SC' with options [Script={CJK}].
(fontspec)              
(fontspec)              This font family consists of the following NFSS
(fontspec)             series/shapes:
(fontspec)              
(fontspec)             - 'normal' (m/n) with NFSS spec.: <->"PingFang
(fontspec)             SC/OT:script=hani;language=dflt;"
(fontspec)             - 'small caps'  (m/sc) with NFSS spec.: 
(fontspec)             - 'bold' (b/n) with NFSS spec.: <->"PingFang
(fontspec)             SC/B/OT:script=hani;language=dflt;"
(fontspec)             - 'bold small caps'  (b/sc) with NFSS spec.: 
(fontspec)             - 'bold italic' (b/it) with NFSS spec.: <->"PingFang
(fontspec)             SC/BI/OT:script=hani;language=dflt;"
(fontspec)             - 'bold italic small caps'  (b/scit) with NFSS spec.: 


LaTeX Font Warning: Font shape `TU/txss/b/n' undefined
(Font)              using `TU/txss/m/n' instead on input line 1.

) [1



]
\openout2 = `chap/Git.aux'.

 (./chap/Git.tex

) [2




]

Package caption Warning: Unused \captionsetup[figure] on input line 2.
See the caption package documentation for explanation.


Package caption Warning: Unused \captionsetup[table] on input line 3.
See the caption package documentation for explanation.

(./main.aux (./chap/Mac_Terminal.aux) (./chap/Git.aux))

LaTeX Font Warning: Some font shapes were not available, defaults substituted.


Package rerunfilecheck Warning: File `main.out' has changed.
(rerunfilecheck)                Rerun to get outlines right
(rerunfilecheck)                or use package `bookmark'.

Package rerunfilecheck Info: Checksums for `main.out':
(rerunfilecheck)             Before: C47FC69E6786D86860AA1CF6D65A49DC;90
(rerunfilecheck)             After:  A79933F6A8CB7B1CC9A14FD20B79183A;245.
 ) 
Here is how much of TeX's memory you used:
 37074 strings out of 476919
 725873 string characters out of 5821840
 1347683 words of memory out of 5000000
 56351 multiletter control sequences out of 15000+600000
 405375 words of font info for 54 fonts, out of 8000000 for 9000
 1348 hyphenation exceptions out of 8191
 106i,5n,120p,3257b,383s stack positions out of 5000i,500n,10000p,200000b,80000s

Output written on main.pdf (2 pages).
