\BOOKMARK [0][-]{chapter.1}{\376\377\137\025\212\000}{}% 1
\BOOKMARK [0][-]{chapter.2}{\376\377\166\370\121\163\164\006\213\272\173\200\116\313}{}% 2
\BOOKMARK [1][-]{section.2.1}{\376\377\116\000\176\364\136\003\147\027\217\320\122\250}{chapter.2}% 3
\BOOKMARK [1][-]{section.2.2}{\376\377\000I\000t\121\154\137\017\124\214\000I\000t\171\357\122\006}{chapter.2}% 4
\BOOKMARK [1][-]{section.2.3}{\376\377\200\241\171\150\116\367\150\074\217\307\172\013}{chapter.2}% 5
\BOOKMARK [1][-]{section.2.4}{\376\377\000B\000l\000a\000c\000k\000-\000S\000c\000h\000o\000l\000e\000s\152\041\127\213}{chapter.2}% 6
\BOOKMARK [1][-]{section.2.5}{\376\377\116\214\123\311\150\021\152\041\127\213}{chapter.2}% 7
\BOOKMARK [1][-]{section.2.6}{\376\377\226\220\124\053\154\342\122\250\163\207}{chapter.2}% 8
\BOOKMARK [2][-]{subsection.2.6.1}{\376\377\226\220\124\053\154\342\122\250\163\207\116\313\176\315}{section.2.6}% 9
\BOOKMARK [2][-]{subsection.2.6.2}{\376\377\226\220\124\053\154\342\122\250\163\207\166\204\154\102\211\343}{section.2.6}% 10
\BOOKMARK [0][-]{chapter.3}{\376\377\226\220\124\053\116\214\123\311\150\021}{}% 11
\BOOKMARK [1][-]{section.3.1}{\376\377\000A\000r\000r\000o\000w\000-\000D\000e\000b\000r\000e\000u\116\367\150\074}{chapter.3}% 12
\BOOKMARK [1][-]{section.3.2}{\376\377\116\055\137\303\202\202\160\271}{chapter.3}% 13
\BOOKMARK [2][-]{subsection.3.2.1}{\376\377\137\123\000n\116\072\120\166\145\160\145\366}{section.3.2}% 14
\BOOKMARK [2][-]{subsection.3.2.2}{\376\377\137\123\000n\116\072\131\107\145\160\145\366}{section.3.2}% 15
\BOOKMARK [1][-]{section.3.3}{\376\377\121\166\116\326\202\202\160\271}{chapter.3}% 16
\BOOKMARK [2][-]{subsection.3.3.1}{\376\377\137\123\000n\116\072\120\166\145\160\145\366}{section.3.3}% 17
\BOOKMARK [2][-]{subsection.3.3.2}{\376\377\137\123\000n\116\072\131\107\145\160\145\366}{section.3.3}% 18
\BOOKMARK [1][-]{section.3.4}{\376\377\145\340\131\127\122\051\147\141\116\366}{chapter.3}% 19
\BOOKMARK [0][-]{chapter.4}{\376\377\133\236\213\301\122\006\147\220}{}% 20
\BOOKMARK [1][-]{section.4.1}{\376\377\154\102\211\343\226\220\124\053\154\342\122\250\163\207}{chapter.4}% 21
\BOOKMARK [1][-]{section.4.2}{\376\377\226\220\124\053\116\214\123\311\150\021\166\204\147\204\136\372}{chapter.4}% 22
\BOOKMARK [2][-]{subsection.4.2.1}{\376\377\147\204\136\372\217\307\172\013}{section.4.2}% 23
\BOOKMARK [2][-]{subsection.4.2.2}{\376\377\147\204\136\372\176\323\147\234}{section.4.2}% 24
\BOOKMARK [2][-]{subsection.4.2.3}{\376\377\226\220\124\053\116\214\123\311\150\021\166\204\117\134\165\050}{section.4.2}% 25
\BOOKMARK [0][-]{chapter.5}{\376\377\134\017\176\323}{}% 26
\BOOKMARK [0][-]{section*.31}{\376\377\123\302\200\003\145\207\163\056}{}% 27
\BOOKMARK [0][-]{section*.33}{\376\377\226\104\137\125}{}% 28
